<?xml version="1.0" encoding="utf-8" standalone="no"?>
<test-run start-time="2024-11-25 16:48:59Z">
  <command-line><![CDATA[/Users/lianqingdong/Downloads/NUnit.Console-3.18.3/bin/net8.0/nunit3-console.dll CaseOne/bin/Debug/net8.0/CaseOne.dll]]></command-line>
</test-run>