<?xml version="1.0" encoding="utf-8" standalone="no"?>
<test-run id="0" runstate="Runnable" testcasecount="8" result="Passed" total="8" passed="8" failed="0" warnings="0" inconclusive="0" skipped="0" asserts="23" engine-version="3.18.3.0" clr-version="8.0.7" start-time="2024-11-25 16:59:45Z" end-time="2024-11-25 16:59:49Z" duration="3.164415">
  <command-line><![CDATA[/Users/lianqingdong/Downloads/NUnit.Console-3.18.3/bin/net8.0/nunit3-console.dll CaseOne.dll]]></command-line>
  <test-suite type="Assembly" id="1-1015" name="CaseOne.dll" fullname="/Users/lianqingdong/Desktop/autotest/aefinderTest/CaseOne/bin/Debug/net8.0/CaseOne.dll" runstate="Runnable" testcasecount="8" result="Passed" start-time="2024-11-25T16:59:45.9607970Z" end-time="2024-11-25T16:59:48.9965690Z" duration="3.035663" total="8" passed="8" failed="0" warnings="0" inconclusive="0" skipped="0" asserts="23">
    <environment framework-version="3.14.0.0" clr-version="8.0.7" os-version="Darwin 22.3.0 Darwin Kernel Version 22.3.0: Mon Jan 30 20:39:46 PST 2023; root:xnu-8792.81.3~2/RELEASE_ARM64_T6020" platform="Unix" cwd="/Users/lianqingdong/Desktop/autotest/aefinderTest/CaseOne/bin/Debug/net8.0" machine-name="aelfdeMacBook-Pro" user="lianqingdong" user-domain="aelfdeMacBook-Pro" culture="zh-CN" uiculture="zh-CN" os-architecture="x64" />
    <settings>
      <setting name="DisposeRunners" value="True" />
      <setting name="WorkDirectory" value="/Users/lianqingdong/Desktop/autotest/aefinderTest/CaseOne/bin/Debug/net8.0" />
      <setting name="NumberOfTestWorkers" value="10" />
    </settings>
    <properties>
      <property name="_PID" value="37499" />
      <property name="_APPDOMAIN" value="nunit3-console" />
    </properties>
    <test-suite type="SetUpFixture" id="1-1000" name="CaseOne" fullname="CaseOne.GlobalSetUpFixture" classname="CaseOne.GlobalSetUpFixture" runstate="Runnable" testcasecount="8" result="Passed" start-time="2024-11-25T16:59:45.9636040Z" end-time="2024-11-25T16:59:48.9964840Z" duration="3.032880" total="8" passed="8" failed="0" warnings="0" inconclusive="0" skipped="0" asserts="23">
      <output><![CDATA[12345678910111213
]]></output>
      <test-suite type="TestFixture" id="1-1001" name="Token2TestTests" fullname="CaseOne.Token2TestTests" classname="CaseOne.Token2TestTests" runstate="Runnable" testcasecount="1" result="Passed" start-time="2024-11-25T16:59:45.9702470Z" end-time="2024-11-25T16:59:46.4159000Z" duration="0.445652" total="1" passed="1" failed="0" warnings="0" inconclusive="0" skipped="0" asserts="5">
        <test-case id="1-1002" name="test001_Test" fullname="CaseOne.Token2TestTests.test001_Test" methodname="test001_Test" classname="CaseOne.Token2TestTests" runstate="Runnable" seed="1347315199" result="Passed" start-time="2024-11-25T16:59:45.9703830Z" end-time="2024-11-25T16:59:46.4128130Z" duration="0.442493" asserts="5">
          <properties>
            <property name="Description" value="test001" />
          </properties>
          <output><![CDATA[000000CaseOne.Token2TestTests.test001_Test
000000test001_Test
=========NUnit.Framework.Internal.PropertyBag
=========test001
Key: username, Value: admin
Key: password, Value: 1q2W3e*
Key: client_id, Value: AeFinder_App
Key: grant_type, Value: password
Key: scope, Value: AeFinder
100
GetOrPost
GetOrPost
GetOrPost
GetOrPost
GetOrPost
100
100
100
100
100
=============
curl "http://192.168.71.128:8082/connect/token" -X POST --data-urlencode "username=admin" --data-urlencode "password=1q2W3e*" --data-urlencode "client_id=AeFinder_App" --data-urlencode "grant_type=password" --data-urlencode "scope=AeFinder"
Request was successful!
{
  "access_token": "eyJhbGciOiJSUzI1NiIsImtpZCI6IkM5QUE4NzE3ODFCOEUzNEY0NTgwNjMyMjQ1MkE0QzYyMTI1Q0EzNzYiLCJ4NXQiOiJ5YXFIRjRHNDQwOUZnR01pUlNwTVloSmNvM1kiLCJ0eXAiOiJhdCtqd3QifQ.eyJpc3MiOiJodHRwOi8vMTkyLjE2OC43MS4xMjg6ODA4Mi8iLCJleHAiOjE3MzI1NTc1ODYsImlhdCI6MTczMjU1Mzk4NiwiYXVkIjoiQWVGaW5kZXIiLCJzY29wZSI6IkFlRmluZGVyIiwianRpIjoiYTRmMGM4MTQtMjg1Yy00MzQ3LWE1MjYtNjU5YjcxN2UyY2VkIiwic3ViIjoiZTQxZTg1ZWEtNTI3ZC0wNWZlLTA0YWYtM2ExMmUwNWNhZDZmIiwidW5pcXVlX25hbWUiOiJhZG1pbiIsInByZWZlcnJlZF91c2VybmFtZSI6ImFkbWluIiwiZ2l2ZW5fbmFtZSI6ImFkbWluIiwicm9sZSI6ImFkbWluIiwiZW1haWwiOiJhZG1pbkBhYnAuaW8iLCJlbWFpbF92ZXJpZmllZCI6IkZhbHNlIiwicGhvbmVfbnVtYmVyX3ZlcmlmaWVkIjoiRmFsc2UiLCJvaV9wcnN0IjoiQWVGaW5kZXJfQXBwIiwiY2xpZW50X2lkIjoiQWVGaW5kZXJfQXBwIiwib2lfdGtuX2lkIjoiYmViN2FhNWMtZTBlYy1mMjlmLTc2YTItM2ExNjc2NzBhOWY3In0.iDqWO5Jt6Nd8knbd8R_x0W8JGLzboQS4DMO2vVWIfil5pnaCmJZlKP0YawthbMcMelKyGMwCS4eVD6w_jh548lliNR9A2xJvDeLzBL7Wzoodg2R4NaZj7RPhNbMRdrxOIK1E05RWZD6l-HAzWIWKgeC3BPOx3_C7o02ZVLnBoBfwXBEbEAEPF2Y0riLmej_7mDIlJeVcDPPErkKNcWzi1lUDeUuVz3yrOkXmOrc5-FSjt5mfhQifTg8Iw9HLz0CSynlvo2xrjnVkKmprtGgwFNU60sBOEgM6Geqofv-5KWtjHK-jzBfq8n7NhGzwlWOr2UM3FCiL2M8W_984PzXyIQ",
  "token_type": "Bearer",
  "expires_in": 3599
}
000999111
100
HttpHeader
RequestBody
=============
200
curl "http://192.168.71.128:8081/api/app/block/blocks" -X POST -H "Authorization: Bearer eyJhbGciOiJSUzI1NiIsImtpZCI6IkM5QUE4NzE3ODFCOEUzNEY0NTgwNjMyMjQ1MkE0QzYyMTI1Q0EzNzYiLCJ4NXQiOiJ5YXFIRjRHNDQwOUZnR01pUlNwTVloSmNvM1kiLCJ0eXAiOiJhdCtqd3QifQ.eyJpc3MiOiJodHRwOi8vMTkyLjE2OC43MS4xMjg6ODA4Mi8iLCJleHAiOjE3MzI1NTc1ODYsImlhdCI6MTczMjU1Mzk4NiwiYXVkIjoiQWVGaW5kZXIiLCJzY29wZSI6IkFlRmluZGVyIiwianRpIjoiYTRmMGM4MTQtMjg1Yy00MzQ3LWE1MjYtNjU5YjcxN2UyY2VkIiwic3ViIjoiZTQxZTg1ZWEtNTI3ZC0wNWZlLTA0YWYtM2ExMmUwNWNhZDZmIiwidW5pcXVlX25hbWUiOiJhZG1pbiIsInByZWZlcnJlZF91c2VybmFtZSI6ImFkbWluIiwiZ2l2ZW5fbmFtZSI6ImFkbWluIiwicm9sZSI6ImFkbWluIiwiZW1haWwiOiJhZG1pbkBhYnAuaW8iLCJlbWFpbF92ZXJpZmllZCI6IkZhbHNlIiwicGhvbmVfbnVtYmVyX3ZlcmlmaWVkIjoiRmFsc2UiLCJvaV9wcnN0IjoiQWVGaW5kZXJfQXBwIiwiY2xpZW50X2lkIjoiQWVGaW5kZXJfQXBwIiwib2lfdGtuX2lkIjoiYmViN2FhNWMtZTBlYy1mMjlmLTc2YTItM2ExNjc2NzBhOWY3In0.iDqWO5Jt6Nd8knbd8R_x0W8JGLzboQS4DMO2vVWIfil5pnaCmJZlKP0YawthbMcMelKyGMwCS4eVD6w_jh548lliNR9A2xJvDeLzBL7Wzoodg2R4NaZj7RPhNbMRdrxOIK1E05RWZD6l-HAzWIWKgeC3BPOx3_C7o02ZVLnBoBfwXBEbEAEPF2Y0riLmej_7mDIlJeVcDPPErkKNcWzi1lUDeUuVz3yrOkXmOrc5-FSjt5mfhQifTg8Iw9HLz0CSynlvo2xrjnVkKmprtGgwFNU60sBOEgM6Geqofv-5KWtjHK-jzBfq8n7NhGzwlWOr2UM3FCiL2M8W_984PzXyIQ" -H "Content-Type: application/json" -d '{"chainId":"AELF","startBlockHeight":7000000,"endBlockHeight":7000002,"isOnlyConfirmed":false}'
Request was successful!
[{"id":"ec815f4898d49c6a7e6cfd0747f53e69e53e0e7b371167241ee6285957b66340","chainId":"AELF","blockHash":"ec815f4898d49c6a7e6cfd0747f53e69e53e0e7b371167241ee6285957b66340","blockHeight":7000000,"previousBlockHash":"48491f923ca707f415d8e2052237ef5cee39925e8598827cbe55abb4d6d3714c","blockTime":"2024-07-12T23:47:24.4480494Z","signerPubkey":"04c06fbcfd68b4a8faad2d4f358b7f6a7e9314cadbe1c037d840d3b9bc1a219940d1cc8ec4329550e35c320185b139272587ac1f2a4a8fc019b51bab37d1bd5043","miner":"29Mz4mF5WFvGNyj1H7S3udovY2B8fJybNyiRghzRNt2AXTkBZD","signature":"cefaa40abc8f364d92df98912d9561166dfc21c8a9bda7616d3eb9d512662c39325ea3ddaef1bbc870c3e34908f1cdd0bd86154d079ce1b8122638836e4ba72a00","confirmed":true,"extraProperties":{"Version":"0","Bloom":"AAAAAAAAAAAAAAAAAAAAAABAAAGAAAAAAAAAAAIAAACAAAAAAAAAAAAgAAAAAAAAAIAAAAAAAAAAAAAAAAAAAAAAAAAAAAAAgAAAAAAAgAABAAAAAAAAAAAAAAAAAAAAAAAAAAAAIAAAAAABAAAAAAAAAAAIAAAAAAAAAAAAACACAAAAAAAAAAAAAAAAAAAAAAAAAAAAAAAAAAAAAAAAAAAAAAAAAAAAAAAAAAAAAAAAAAAAAAAAAAEAAAAAAAAAAAAAAAAAAAAAAAgAAAAAAAAAAAwAAAAAAAAAAAAAAAAAAAAAAAAAAAAAAAAAAAAAAAAgAAAAAAAAAAAAAAAAIA==","ExtraData":"{ \"CrossChain\": \"\", \"Consensus\": \"CkEEwG+8/Wi0qPqtLU81i39qfpMUytvhwDfYQNO5vBohmUDRzI7EMpVQ41wyAYWxOSclh6wfKkqPwBm1G6s30b1QQxLyBgiFjAkSvQIKggEwNGMwNmZiY2ZkNjhiNGE4ZmFhZDJkNGYzNThiN2Y2YTdlOTMxNGNhZGJlMWMwMzdkODQwZDNiOWJjMWEyMTk5NDBkMWNjOGVjNDMyOTU1MGUzNWMzMjAxODViMTM5MjcyNTg3YWMxZjJhNGE4ZmMwMTliNTFiYWIzN2QxYmQ1MDQzErUBOIXoAkqCATA0YzA2ZmJjZmQ2OGI0YThmYWFkMmQ0ZjM1OGI3ZjZhN2U5MzE0Y2FkYmUxYzAzN2Q4NDBkM2I5YmMxYTIxOTk0MGQxY2M4ZWM0MzI5NTUwZTM1YzMyMDE4NWIxMzkyNzI1ODdhYzFmMmE0YThmYzAxOWI1MWJhYjM3ZDFiZDUwNDNqBgiMgce0BmoLCIyBx7QGEOCUj3VqDAiMgce0BhD44dLVAYABA4gBvp+rAxKHAQqCATA0ZWRkYTBiZWZlMTk4ODBmYjYzZWFlOWZhMDk0OGIxYzg5NWMzYTlhZDlhOTRhOWYyZTMzYmI2ZWZlMTBlODUxOTA5MmZkYWY3MjFiOWFmNWMwMmMwM2JlNWNhMmNmZWFhYjcxOGNkYTdiZmVkYTJlMDE5OGNjOGRmNWUwZTQ3MzUSABKHAQqCATA0Yzc4NDkyNDExYTZlYmM0M2VkMGI4OGRjZDE1MjVlMzFlNjQ1MDZjZDVhOTA5YzAxNzUzMGYzMzJlMjU5MzRkNzY1OWQ1Y2IwMTljZmNmNmI5MDYxZmZkMmY0ZTllYjRmOTE4Mjc4YzQyNzIyMTgyN2VmNmMyYjYyZGJkNzkyOGESABKHAQqCATA0MDAwYzQzZmIxMTBlNmMwNDU3NmRhYTNmZGYwM2UwYzBiN2VmODU2YjVhYTVjODYzNmVlMzQ4MWMwMTJkZGY2NWJiNzkyNDA0YjJkYjMxMGVjNzBiYTQyZmEyNmVmNjhkMjM2YmM0MzNhM2JlNWRlMDEwOTI3Yjc0OGY5MmI3MWQSABKHAQqCATA0NjYxNjFkZDIyYWFiNmY0MmE0NDEwMDYxMTQyODQ1N2UzZTNmODA2ZDYzOGQ2MWY4MTFjMGI5NTc5Nzc3MWIyYWQ2NWZiMTJlMjRiMDYxOGNhNmYzNTM5ZDE1MjI0NDhlY2EwODdhODAyZGI4MmEyMzYxY2NhYWQzZDgxOTNmMzgSAFCUheOGIBgE\", \"SystemTransactionCount\": \"CAI=\" }","MerkleTreeRootOfTransactions":"43d645ec8db474fe3131c36f7ea1b01712de1ec76f31a5d6f523b54763a21cb2","MerkleTreeRootOfTransactionStatus":"8312e73dff8df751163e2ef24c72fd48737263760f5940e68cb65e052fc2ae76","MerkleTreeRootOfWorldState":"739affc4bfb8558c1ae3c0bee9d0ce850fcdb8c865dd02a64080935dcb5bdc03","BlockSize":"1657"},"transactionIds":["0776547eb9e5121b6cd513874cab01d9c1184eb53e1bd827c377f8693bd34cfa","42ed60883588e53c2d11a035acf629c63f13e0a9f78a08a95575fb7b123046ea"],"logEventCount":1},{"id":"392209b6f6a4e406b8e8fed0aeb9125b716179a34e18c6a62d8d277a65450944","chainId":"AELF","blockHash":"392209b6f6a4e406b8e8fed0aeb9125b716179a34e18c6a62d8d277a65450944","blockHeight":7000001,"previousBlockHash":"ec815f4898d49c6a7e6cfd0747f53e69e53e0e7b371167241ee6285957b66340","blockTime":"2024-07-12T23:47:24.6523134Z","signerPubkey":"04c06fbcfd68b4a8faad2d4f358b7f6a7e9314cadbe1c037d840d3b9bc1a219940d1cc8ec4329550e35c320185b139272587ac1f2a4a8fc019b51bab37d1bd5043","miner":"29Mz4mF5WFvGNyj1H7S3udovY2B8fJybNyiRghzRNt2AXTkBZD","signature":"3ebeb56ad1fc0ce24a6e93f29e70a9c03746dd035204a349c283e225389ef4cb56a255d75829f80d5e379956619edf83fa3cef669830ba80b418aa6bc700b62501","confirmed":true,"extraProperties":{"Version":"0","Bloom":"AAAAAAAAAAAAAACAAAAAAABAAAAAAAAAAAAAAAIAAACAAAAAAAAAAAAAAAAAAAAAAAAAAAAAAAAAAAAAAAAAAAAAAAAAQAAAAAAABAAAAAAAAAAAAAAAAAAAAAgAAAAAAAAAAAAAIAAAAAABAAAAAAAAAAAAAAAAAAAAAAAAACACAAAAAAAAAAAAAAAAAAAAAAAAAAAAAAAAAAAAIAAAAAAAAAAAAAAAAAACBAAAAAAAAAAgAAAAAAEAAAAAEAAAAAAAAAAAAAAAAAgAAAAAAAAAAAgAAAAAAAAAAAAAAAAAAAAAAAAAAAAAAAAAAAAAAAAgAAAAAAAAAAAAAAAAIA==","ExtraData":"{ \"CrossChain\": \"\", \"Consensus\": \"CkEEwG+8/Wi0qPqtLU81i39qfpMUytvhwDfYQNO5vBohmUDRzI7EMpVQ41wyAYWxOSclh6wfKkqPwBm1G6s30b1QQxKABwiFjAkSywIKggEwNGMwNmZiY2ZkNjhiNGE4ZmFhZDJkNGYzNThiN2Y2YTdlOTMxNGNhZGJlMWMwMzdkODQwZDNiOWJjMWEyMTk5NDBkMWNjOGVjNDMyOTU1MGUzNWMzMjAxODViMTM5MjcyNTg3YWMxZjJhNGE4ZmMwMTliNTFiYWIzN2QxYmQ1MDQzEsMBOIboAkqCATA0YzA2ZmJjZmQ2OGI0YThmYWFkMmQ0ZjM1OGI3ZjZhN2U5MzE0Y2FkYmUxYzAzN2Q4NDBkM2I5YmMxYTIxOTk0MGQxY2M4ZWM0MzI5NTUwZTM1YzMyMDE4NWIxMzkyNzI1ODdhYzFmMmE0YThmYzAxOWI1MWJhYjM3ZDFiZDUwNDNqBgiMgce0BmoLCIyBx7QGEOCUj3VqDAiMgce0BhD44dLVAWoMCIyBx7QGELiGhrcCgAEEiAG+n6sDEocBCoIBMDRlZGRhMGJlZmUxOTg4MGZiNjNlYWU5ZmEwOTQ4YjFjODk1YzNhOWFkOWE5NGE5ZjJlMzNiYjZlZmUxMGU4NTE5MDkyZmRhZjcyMWI5YWY1YzAyYzAzYmU1Y2EyY2ZlYWFiNzE4Y2RhN2JmZWRhMmUwMTk4Y2M4ZGY1ZTBlNDczNRIAEocBCoIBMDRjNzg0OTI0MTFhNmViYzQzZWQwYjg4ZGNkMTUyNWUzMWU2NDUwNmNkNWE5MDljMDE3NTMwZjMzMmUyNTkzNGQ3NjU5ZDVjYjAxOWNmY2Y2YjkwNjFmZmQyZjRlOWViNGY5MTgyNzhjNDI3MjIxODI3ZWY2YzJiNjJkYmQ3OTI4YRIAEocBCoIBMDQwMDBjNDNmYjExMGU2YzA0NTc2ZGFhM2ZkZjAzZTBjMGI3ZWY4NTZiNWFhNWM4NjM2ZWUzNDgxYzAxMmRkZjY1YmI3OTI0MDRiMmRiMzEwZWM3MGJhNDJmYTI2ZWY2OGQyMzZiYzQzM2EzYmU1ZGUwMTA5MjdiNzQ4ZjkyYjcxZBIAEocBCoIBMDQ2NjE2MWRkMjJhYWI2ZjQyYTQ0MTAwNjExNDI4NDU3ZTNlM2Y4MDZkNjM4ZDYxZjgxMWMwYjk1Nzk3NzcxYjJhZDY1ZmIxMmUyNGIwNjE4Y2E2ZjM1MzlkMTUyMjQ0OGVjYTA4N2E4MDJkYjgyYTIzNjFjY2FhZDNkODE5M2YzOBIAUJSF44YgGAQ=\", \"SystemTransactionCount\": \"CAI=\" }","MerkleTreeRootOfTransactions":"0092c9d706bb2fa6138501938266766224a7b6ccbe1379984c9f935d9e34eaef","MerkleTreeRootOfTransactionStatus":"c68645eea3ed06390ece14abf06494dea6f3e20d5765e92eee0ca01a2631c51c","MerkleTreeRootOfWorldState":"cd46895837e7d1dfbbb75d30586da941d6d97ce45ef19647114316b4c1b5c9cf","BlockSize":"1671"},"transactionIds":["d9b09fc9cb91274a20d669abdb6979ee429ebb7b1a3c060779a3e5ade60431d4","2d0e66b6f21c1180244f7ced3b12f255a3ccbd30a82c94e3de9fdc45e9df6d50"],"logEventCount":1},{"id":"32c3a03c741ff1a33d9b10cba88f941435b328a4171b5ea983b1c3ac63b03940","chainId":"AELF","blockHash":"32c3a03c741ff1a33d9b10cba88f941435b328a4171b5ea983b1c3ac63b03940","blockHeight":7000002,"previousBlockHash":"392209b6f6a4e406b8e8fed0aeb9125b716179a34e18c6a62d8d277a65450944","blockTime":"2024-07-12T23:47:24.8081542Z","signerPubkey":"04c06fbcfd68b4a8faad2d4f358b7f6a7e9314cadbe1c037d840d3b9bc1a219940d1cc8ec4329550e35c320185b139272587ac1f2a4a8fc019b51bab37d1bd5043","miner":"29Mz4mF5WFvGNyj1H7S3udovY2B8fJybNyiRghzRNt2AXTkBZD","signature":"824c4260e8e381c58ff48e9ed8fa7578d44b891780c3c7938c68ffa53acff2e92d3237489907a9c7987b9bece4b78090b11c196a8b53f2a9f2a9bcf9afae43de00","confirmed":true,"extraProperties":{"Version":"0","Bloom":"AQAAAAAAAAAAAAAAAAAAAABAAAAAAAACAAAAAAIAAACACAAAAAAAAAAAAAAAAAAAAAAAAAAAAAAAIAAAAAAAAAAAAAAAAAAAAAAAAAAAAAAAAAAAAAAAAAAAAAAAAgAAAAAAAAAAIAAAAAABAAAAAAAAAAAAAAAAAAAAAAAAACACAAAAAAAAAAAAAAAAAAAAAAAAAAAAAAAAAAAAAAAAAAAAAAAAAABAAAAAAAAAAAAAAAgAAAAAAAEAAAAAAAAAAAAAAAAAAAAAAAgAEAAAAAAAAAgAAAAAAAAAAAAAAAAAQAAAAAAAAAAAAAAAAAAAAAAgAAAAAAAAAAAAAAAAIA==","ExtraData":"{ \"CrossChain\": \"\", \"Consensus\": \"CkEEwG+8/Wi0qPqtLU81i39qfpMUytvhwDfYQNO5vBohmUDRzI7EMpVQ41wyAYWxOSclh6wfKkqPwBm1G6s30b1QQxKOBwiFjAkS2QIKggEwNGMwNmZiY2ZkNjhiNGE4ZmFhZDJkNGYzNThiN2Y2YTdlOTMxNGNhZGJlMWMwMzdkODQwZDNiOWJjMWEyMTk5NDBkMWNjOGVjNDMyOTU1MGUzNWMzMjAxODViMTM5MjcyNTg3YWMxZjJhNGE4ZmMwMTliNTFiYWIzN2QxYmQ1MDQzEtEBOIfoAkqCATA0YzA2ZmJjZmQ2OGI0YThmYWFkMmQ0ZjM1OGI3ZjZhN2U5MzE0Y2FkYmUxYzAzN2Q4NDBkM2I5YmMxYTIxOTk0MGQxY2M4ZWM0MzI5NTUwZTM1YzMyMDE4NWIxMzkyNzI1ODdhYzFmMmE0YThmYzAxOWI1MWJhYjM3ZDFiZDUwNDNqBgiMgce0BmoLCIyBx7QGEOCUj3VqDAiMgce0BhD44dLVAWoMCIyBx7QGELiGhrcCagwIjIHHtAYQ2OitgQOAAQWIAb6fqwMShwEKggEwNGVkZGEwYmVmZTE5ODgwZmI2M2VhZTlmYTA5NDhiMWM4OTVjM2E5YWQ5YTk0YTlmMmUzM2JiNmVmZTEwZTg1MTkwOTJmZGFmNzIxYjlhZjVjMDJjMDNiZTVjYTJjZmVhYWI3MThjZGE3YmZlZGEyZTAxOThjYzhkZjVlMGU0NzM1EgAShwEKggEwNGM3ODQ5MjQxMWE2ZWJjNDNlZDBiODhkY2QxNTI1ZTMxZTY0NTA2Y2Q1YTkwOWMwMTc1MzBmMzMyZTI1OTM0ZDc2NTlkNWNiMDE5Y2ZjZjZiOTA2MWZmZDJmNGU5ZWI0ZjkxODI3OGM0MjcyMjE4MjdlZjZjMmI2MmRiZDc5MjhhEgAShwEKggEwNDAwMGM0M2ZiMTEwZTZjMDQ1NzZkYWEzZmRmMDNlMGMwYjdlZjg1NmI1YWE1Yzg2MzZlZTM0ODFjMDEyZGRmNjViYjc5MjQwNGIyZGIzMTBlYzcwYmE0MmZhMjZlZjY4ZDIzNmJjNDMzYTNiZTVkZTAxMDkyN2I3NDhmOTJiNzFkEgAShwEKggEwNDY2MTYxZGQyMmFhYjZmNDJhNDQxMDA2MTE0Mjg0NTdlM2UzZjgwNmQ2MzhkNjFmODExYzBiOTU3OTc3NzFiMmFkNjVmYjEyZTI0YjA2MThjYTZmMzUzOWQxNTIyNDQ4ZWNhMDg3YTgwMmRiODJhMjM2MWNjYWFkM2Q4MTkzZjM4EgBQlIXjhiAYBA==\", \"SystemTransactionCount\": \"CAI=\" }","MerkleTreeRootOfTransactions":"19c992895a884b1285c9e1aa71e0c6e3f877f787ef5ab92ce1a8c7939bb1e510","MerkleTreeRootOfTransactionStatus":"b9eabffa657ec7587fb6fdb5de4dcebe51f6ec88610d934e7aea89812ea75e60","MerkleTreeRootOfWorldState":"0b3b9935cebcd74cf9ca3c7a89b91efeea7ccd3f743f65d1895038238a2c3e9a","BlockSize":"1685"},"transactionIds":["2a9c5e63d4b3b483ef507c2bba8be387bceb70ca17e13620d876d624a18e175b","a248e90a871436f464ded60b6d225d1f316fba1ee7c99c650bbf659fa6d216fd"],"logEventCount":1}]
11111CaseOne.Token2TestTests.test001_Test
11111test001_Test
]]></output>
        </test-case>
      </test-suite>
      <test-suite type="TestFixture" id="1-1003" name="Token3TestTests" fullname="CaseOne.Token3TestTests" classname="CaseOne.Token3TestTests" runstate="Runnable" testcasecount="1" result="Passed" start-time="2024-11-25T16:59:46.4168050Z" end-time="2024-11-25T16:59:46.7259060Z" duration="0.309100" total="1" passed="1" failed="0" warnings="0" inconclusive="0" skipped="0" asserts="5">
        <test-case id="1-1004" name="test001_Test" fullname="CaseOne.Token3TestTests.test001_Test" methodname="test001_Test" classname="CaseOne.Token3TestTests" runstate="Runnable" seed="253503871" result="Passed" start-time="2024-11-25T16:59:46.4169540Z" end-time="2024-11-25T16:59:46.7258310Z" duration="0.308879" asserts="5">
          <properties>
            <property name="Description" value="test001" />
          </properties>
          <output><![CDATA[000000CaseOne.Token3TestTests.test001_Test
000000test001_Test
=========NUnit.Framework.Internal.PropertyBag
=========test001
Key: username, Value: admin
Key: password, Value: 1q2W3e*
Key: client_id, Value: AeFinder_App
Key: grant_type, Value: password
Key: scope, Value: AeFinder
100
GetOrPost
GetOrPost
GetOrPost
GetOrPost
GetOrPost
100
100
100
100
100
=============
curl "http://192.168.71.128:8082/connect/token" -X POST --data-urlencode "username=admin" --data-urlencode "password=1q2W3e*" --data-urlencode "client_id=AeFinder_App" --data-urlencode "grant_type=password" --data-urlencode "scope=AeFinder"
Request was successful!
{
  "access_token": "eyJhbGciOiJSUzI1NiIsImtpZCI6IkM5QUE4NzE3ODFCOEUzNEY0NTgwNjMyMjQ1MkE0QzYyMTI1Q0EzNzYiLCJ4NXQiOiJ5YXFIRjRHNDQwOUZnR01pUlNwTVloSmNvM1kiLCJ0eXAiOiJhdCtqd3QifQ.eyJpc3MiOiJodHRwOi8vMTkyLjE2OC43MS4xMjg6ODA4Mi8iLCJleHAiOjE3MzI1NTc1ODYsImlhdCI6MTczMjU1Mzk4NiwiYXVkIjoiQWVGaW5kZXIiLCJzY29wZSI6IkFlRmluZGVyIiwianRpIjoiMDg5MDAxZmQtNzMyNi00YTg4LTlmOWYtMWUwYjM1MGIyMDYzIiwic3ViIjoiZTQxZTg1ZWEtNTI3ZC0wNWZlLTA0YWYtM2ExMmUwNWNhZDZmIiwidW5pcXVlX25hbWUiOiJhZG1pbiIsInByZWZlcnJlZF91c2VybmFtZSI6ImFkbWluIiwiZ2l2ZW5fbmFtZSI6ImFkbWluIiwicm9sZSI6ImFkbWluIiwiZW1haWwiOiJhZG1pbkBhYnAuaW8iLCJlbWFpbF92ZXJpZmllZCI6IkZhbHNlIiwicGhvbmVfbnVtYmVyX3ZlcmlmaWVkIjoiRmFsc2UiLCJvaV9wcnN0IjoiQWVGaW5kZXJfQXBwIiwiY2xpZW50X2lkIjoiQWVGaW5kZXJfQXBwIiwib2lfdGtuX2lkIjoiMDE1NDk5YzEtNzNkZS1hMTljLTQ5MGUtM2ExNjc2NzBhYjdlIn0.KJ_a6FeLbTvE4Qrs6fvAOE3VZ88rvbVyg2A6JEuFZD6jNy2KYV84Z11laitUhN_qmN1aorrBrDTRI5io6ij8RQPx9ADRshpONGaZjnGGuO6McbohtkgGoXMPtOrsyq08zOeZyhWKXNom2zjdCZ003kuVHKQXDK1B1lL2cbPhO9OkP5YSLfqY7_CZFLoK1fobyJo30rLjTLBuqzoWWJyF3BhOnkMFJp_jttkSclojd4xF4foY9RU8T9R9LIYF0HrjqShRpvfU3QOEaJfkTADVGe5pFsorjrK2EF_pufUze8Vz0yKQ7tw_4yzlzNVuyHLlvchhrMuNjL0_GUfgSWiNKw",
  "token_type": "Bearer",
  "expires_in": 3599
}
000999111
100
HttpHeader
RequestBody
=============
200
curl "http://192.168.71.128:8081/api/app/block/blocks" -X POST -H "Authorization: Bearer eyJhbGciOiJSUzI1NiIsImtpZCI6IkM5QUE4NzE3ODFCOEUzNEY0NTgwNjMyMjQ1MkE0QzYyMTI1Q0EzNzYiLCJ4NXQiOiJ5YXFIRjRHNDQwOUZnR01pUlNwTVloSmNvM1kiLCJ0eXAiOiJhdCtqd3QifQ.eyJpc3MiOiJodHRwOi8vMTkyLjE2OC43MS4xMjg6ODA4Mi8iLCJleHAiOjE3MzI1NTc1ODYsImlhdCI6MTczMjU1Mzk4NiwiYXVkIjoiQWVGaW5kZXIiLCJzY29wZSI6IkFlRmluZGVyIiwianRpIjoiMDg5MDAxZmQtNzMyNi00YTg4LTlmOWYtMWUwYjM1MGIyMDYzIiwic3ViIjoiZTQxZTg1ZWEtNTI3ZC0wNWZlLTA0YWYtM2ExMmUwNWNhZDZmIiwidW5pcXVlX25hbWUiOiJhZG1pbiIsInByZWZlcnJlZF91c2VybmFtZSI6ImFkbWluIiwiZ2l2ZW5fbmFtZSI6ImFkbWluIiwicm9sZSI6ImFkbWluIiwiZW1haWwiOiJhZG1pbkBhYnAuaW8iLCJlbWFpbF92ZXJpZmllZCI6IkZhbHNlIiwicGhvbmVfbnVtYmVyX3ZlcmlmaWVkIjoiRmFsc2UiLCJvaV9wcnN0IjoiQWVGaW5kZXJfQXBwIiwiY2xpZW50X2lkIjoiQWVGaW5kZXJfQXBwIiwib2lfdGtuX2lkIjoiMDE1NDk5YzEtNzNkZS1hMTljLTQ5MGUtM2ExNjc2NzBhYjdlIn0.KJ_a6FeLbTvE4Qrs6fvAOE3VZ88rvbVyg2A6JEuFZD6jNy2KYV84Z11laitUhN_qmN1aorrBrDTRI5io6ij8RQPx9ADRshpONGaZjnGGuO6McbohtkgGoXMPtOrsyq08zOeZyhWKXNom2zjdCZ003kuVHKQXDK1B1lL2cbPhO9OkP5YSLfqY7_CZFLoK1fobyJo30rLjTLBuqzoWWJyF3BhOnkMFJp_jttkSclojd4xF4foY9RU8T9R9LIYF0HrjqShRpvfU3QOEaJfkTADVGe5pFsorjrK2EF_pufUze8Vz0yKQ7tw_4yzlzNVuyHLlvchhrMuNjL0_GUfgSWiNKw" -H "Content-Type: application/json" -d '{"chainId":"AELF","startBlockHeight":7000000,"endBlockHeight":7000002,"isOnlyConfirmed":false}'
Request was successful!
[{"id":"ec815f4898d49c6a7e6cfd0747f53e69e53e0e7b371167241ee6285957b66340","chainId":"AELF","blockHash":"ec815f4898d49c6a7e6cfd0747f53e69e53e0e7b371167241ee6285957b66340","blockHeight":7000000,"previousBlockHash":"48491f923ca707f415d8e2052237ef5cee39925e8598827cbe55abb4d6d3714c","blockTime":"2024-07-12T23:47:24.4480494Z","signerPubkey":"04c06fbcfd68b4a8faad2d4f358b7f6a7e9314cadbe1c037d840d3b9bc1a219940d1cc8ec4329550e35c320185b139272587ac1f2a4a8fc019b51bab37d1bd5043","miner":"29Mz4mF5WFvGNyj1H7S3udovY2B8fJybNyiRghzRNt2AXTkBZD","signature":"cefaa40abc8f364d92df98912d9561166dfc21c8a9bda7616d3eb9d512662c39325ea3ddaef1bbc870c3e34908f1cdd0bd86154d079ce1b8122638836e4ba72a00","confirmed":true,"extraProperties":{"Version":"0","Bloom":"AAAAAAAAAAAAAAAAAAAAAABAAAGAAAAAAAAAAAIAAACAAAAAAAAAAAAgAAAAAAAAAIAAAAAAAAAAAAAAAAAAAAAAAAAAAAAAgAAAAAAAgAABAAAAAAAAAAAAAAAAAAAAAAAAAAAAIAAAAAABAAAAAAAAAAAIAAAAAAAAAAAAACACAAAAAAAAAAAAAAAAAAAAAAAAAAAAAAAAAAAAAAAAAAAAAAAAAAAAAAAAAAAAAAAAAAAAAAAAAAEAAAAAAAAAAAAAAAAAAAAAAAgAAAAAAAAAAAwAAAAAAAAAAAAAAAAAAAAAAAAAAAAAAAAAAAAAAAAgAAAAAAAAAAAAAAAAIA==","ExtraData":"{ \"CrossChain\": \"\", \"Consensus\": \"CkEEwG+8/Wi0qPqtLU81i39qfpMUytvhwDfYQNO5vBohmUDRzI7EMpVQ41wyAYWxOSclh6wfKkqPwBm1G6s30b1QQxLyBgiFjAkSvQIKggEwNGMwNmZiY2ZkNjhiNGE4ZmFhZDJkNGYzNThiN2Y2YTdlOTMxNGNhZGJlMWMwMzdkODQwZDNiOWJjMWEyMTk5NDBkMWNjOGVjNDMyOTU1MGUzNWMzMjAxODViMTM5MjcyNTg3YWMxZjJhNGE4ZmMwMTliNTFiYWIzN2QxYmQ1MDQzErUBOIXoAkqCATA0YzA2ZmJjZmQ2OGI0YThmYWFkMmQ0ZjM1OGI3ZjZhN2U5MzE0Y2FkYmUxYzAzN2Q4NDBkM2I5YmMxYTIxOTk0MGQxY2M4ZWM0MzI5NTUwZTM1YzMyMDE4NWIxMzkyNzI1ODdhYzFmMmE0YThmYzAxOWI1MWJhYjM3ZDFiZDUwNDNqBgiMgce0BmoLCIyBx7QGEOCUj3VqDAiMgce0BhD44dLVAYABA4gBvp+rAxKHAQqCATA0ZWRkYTBiZWZlMTk4ODBmYjYzZWFlOWZhMDk0OGIxYzg5NWMzYTlhZDlhOTRhOWYyZTMzYmI2ZWZlMTBlODUxOTA5MmZkYWY3MjFiOWFmNWMwMmMwM2JlNWNhMmNmZWFhYjcxOGNkYTdiZmVkYTJlMDE5OGNjOGRmNWUwZTQ3MzUSABKHAQqCATA0Yzc4NDkyNDExYTZlYmM0M2VkMGI4OGRjZDE1MjVlMzFlNjQ1MDZjZDVhOTA5YzAxNzUzMGYzMzJlMjU5MzRkNzY1OWQ1Y2IwMTljZmNmNmI5MDYxZmZkMmY0ZTllYjRmOTE4Mjc4YzQyNzIyMTgyN2VmNmMyYjYyZGJkNzkyOGESABKHAQqCATA0MDAwYzQzZmIxMTBlNmMwNDU3NmRhYTNmZGYwM2UwYzBiN2VmODU2YjVhYTVjODYzNmVlMzQ4MWMwMTJkZGY2NWJiNzkyNDA0YjJkYjMxMGVjNzBiYTQyZmEyNmVmNjhkMjM2YmM0MzNhM2JlNWRlMDEwOTI3Yjc0OGY5MmI3MWQSABKHAQqCATA0NjYxNjFkZDIyYWFiNmY0MmE0NDEwMDYxMTQyODQ1N2UzZTNmODA2ZDYzOGQ2MWY4MTFjMGI5NTc5Nzc3MWIyYWQ2NWZiMTJlMjRiMDYxOGNhNmYzNTM5ZDE1MjI0NDhlY2EwODdhODAyZGI4MmEyMzYxY2NhYWQzZDgxOTNmMzgSAFCUheOGIBgE\", \"SystemTransactionCount\": \"CAI=\" }","MerkleTreeRootOfTransactions":"43d645ec8db474fe3131c36f7ea1b01712de1ec76f31a5d6f523b54763a21cb2","MerkleTreeRootOfTransactionStatus":"8312e73dff8df751163e2ef24c72fd48737263760f5940e68cb65e052fc2ae76","MerkleTreeRootOfWorldState":"739affc4bfb8558c1ae3c0bee9d0ce850fcdb8c865dd02a64080935dcb5bdc03","BlockSize":"1657"},"transactionIds":["0776547eb9e5121b6cd513874cab01d9c1184eb53e1bd827c377f8693bd34cfa","42ed60883588e53c2d11a035acf629c63f13e0a9f78a08a95575fb7b123046ea"],"logEventCount":1},{"id":"392209b6f6a4e406b8e8fed0aeb9125b716179a34e18c6a62d8d277a65450944","chainId":"AELF","blockHash":"392209b6f6a4e406b8e8fed0aeb9125b716179a34e18c6a62d8d277a65450944","blockHeight":7000001,"previousBlockHash":"ec815f4898d49c6a7e6cfd0747f53e69e53e0e7b371167241ee6285957b66340","blockTime":"2024-07-12T23:47:24.6523134Z","signerPubkey":"04c06fbcfd68b4a8faad2d4f358b7f6a7e9314cadbe1c037d840d3b9bc1a219940d1cc8ec4329550e35c320185b139272587ac1f2a4a8fc019b51bab37d1bd5043","miner":"29Mz4mF5WFvGNyj1H7S3udovY2B8fJybNyiRghzRNt2AXTkBZD","signature":"3ebeb56ad1fc0ce24a6e93f29e70a9c03746dd035204a349c283e225389ef4cb56a255d75829f80d5e379956619edf83fa3cef669830ba80b418aa6bc700b62501","confirmed":true,"extraProperties":{"Version":"0","Bloom":"AAAAAAAAAAAAAACAAAAAAABAAAAAAAAAAAAAAAIAAACAAAAAAAAAAAAAAAAAAAAAAAAAAAAAAAAAAAAAAAAAAAAAAAAAQAAAAAAABAAAAAAAAAAAAAAAAAAAAAgAAAAAAAAAAAAAIAAAAAABAAAAAAAAAAAAAAAAAAAAAAAAACACAAAAAAAAAAAAAAAAAAAAAAAAAAAAAAAAAAAAIAAAAAAAAAAAAAAAAAACBAAAAAAAAAAgAAAAAAEAAAAAEAAAAAAAAAAAAAAAAAgAAAAAAAAAAAgAAAAAAAAAAAAAAAAAAAAAAAAAAAAAAAAAAAAAAAAgAAAAAAAAAAAAAAAAIA==","ExtraData":"{ \"CrossChain\": \"\", \"Consensus\": \"CkEEwG+8/Wi0qPqtLU81i39qfpMUytvhwDfYQNO5vBohmUDRzI7EMpVQ41wyAYWxOSclh6wfKkqPwBm1G6s30b1QQxKABwiFjAkSywIKggEwNGMwNmZiY2ZkNjhiNGE4ZmFhZDJkNGYzNThiN2Y2YTdlOTMxNGNhZGJlMWMwMzdkODQwZDNiOWJjMWEyMTk5NDBkMWNjOGVjNDMyOTU1MGUzNWMzMjAxODViMTM5MjcyNTg3YWMxZjJhNGE4ZmMwMTliNTFiYWIzN2QxYmQ1MDQzEsMBOIboAkqCATA0YzA2ZmJjZmQ2OGI0YThmYWFkMmQ0ZjM1OGI3ZjZhN2U5MzE0Y2FkYmUxYzAzN2Q4NDBkM2I5YmMxYTIxOTk0MGQxY2M4ZWM0MzI5NTUwZTM1YzMyMDE4NWIxMzkyNzI1ODdhYzFmMmE0YThmYzAxOWI1MWJhYjM3ZDFiZDUwNDNqBgiMgce0BmoLCIyBx7QGEOCUj3VqDAiMgce0BhD44dLVAWoMCIyBx7QGELiGhrcCgAEEiAG+n6sDEocBCoIBMDRlZGRhMGJlZmUxOTg4MGZiNjNlYWU5ZmEwOTQ4YjFjODk1YzNhOWFkOWE5NGE5ZjJlMzNiYjZlZmUxMGU4NTE5MDkyZmRhZjcyMWI5YWY1YzAyYzAzYmU1Y2EyY2ZlYWFiNzE4Y2RhN2JmZWRhMmUwMTk4Y2M4ZGY1ZTBlNDczNRIAEocBCoIBMDRjNzg0OTI0MTFhNmViYzQzZWQwYjg4ZGNkMTUyNWUzMWU2NDUwNmNkNWE5MDljMDE3NTMwZjMzMmUyNTkzNGQ3NjU5ZDVjYjAxOWNmY2Y2YjkwNjFmZmQyZjRlOWViNGY5MTgyNzhjNDI3MjIxODI3ZWY2YzJiNjJkYmQ3OTI4YRIAEocBCoIBMDQwMDBjNDNmYjExMGU2YzA0NTc2ZGFhM2ZkZjAzZTBjMGI3ZWY4NTZiNWFhNWM4NjM2ZWUzNDgxYzAxMmRkZjY1YmI3OTI0MDRiMmRiMzEwZWM3MGJhNDJmYTI2ZWY2OGQyMzZiYzQzM2EzYmU1ZGUwMTA5MjdiNzQ4ZjkyYjcxZBIAEocBCoIBMDQ2NjE2MWRkMjJhYWI2ZjQyYTQ0MTAwNjExNDI4NDU3ZTNlM2Y4MDZkNjM4ZDYxZjgxMWMwYjk1Nzk3NzcxYjJhZDY1ZmIxMmUyNGIwNjE4Y2E2ZjM1MzlkMTUyMjQ0OGVjYTA4N2E4MDJkYjgyYTIzNjFjY2FhZDNkODE5M2YzOBIAUJSF44YgGAQ=\", \"SystemTransactionCount\": \"CAI=\" }","MerkleTreeRootOfTransactions":"0092c9d706bb2fa6138501938266766224a7b6ccbe1379984c9f935d9e34eaef","MerkleTreeRootOfTransactionStatus":"c68645eea3ed06390ece14abf06494dea6f3e20d5765e92eee0ca01a2631c51c","MerkleTreeRootOfWorldState":"cd46895837e7d1dfbbb75d30586da941d6d97ce45ef19647114316b4c1b5c9cf","BlockSize":"1671"},"transactionIds":["d9b09fc9cb91274a20d669abdb6979ee429ebb7b1a3c060779a3e5ade60431d4","2d0e66b6f21c1180244f7ced3b12f255a3ccbd30a82c94e3de9fdc45e9df6d50"],"logEventCount":1},{"id":"32c3a03c741ff1a33d9b10cba88f941435b328a4171b5ea983b1c3ac63b03940","chainId":"AELF","blockHash":"32c3a03c741ff1a33d9b10cba88f941435b328a4171b5ea983b1c3ac63b03940","blockHeight":7000002,"previousBlockHash":"392209b6f6a4e406b8e8fed0aeb9125b716179a34e18c6a62d8d277a65450944","blockTime":"2024-07-12T23:47:24.8081542Z","signerPubkey":"04c06fbcfd68b4a8faad2d4f358b7f6a7e9314cadbe1c037d840d3b9bc1a219940d1cc8ec4329550e35c320185b139272587ac1f2a4a8fc019b51bab37d1bd5043","miner":"29Mz4mF5WFvGNyj1H7S3udovY2B8fJybNyiRghzRNt2AXTkBZD","signature":"824c4260e8e381c58ff48e9ed8fa7578d44b891780c3c7938c68ffa53acff2e92d3237489907a9c7987b9bece4b78090b11c196a8b53f2a9f2a9bcf9afae43de00","confirmed":true,"extraProperties":{"Version":"0","Bloom":"AQAAAAAAAAAAAAAAAAAAAABAAAAAAAACAAAAAAIAAACACAAAAAAAAAAAAAAAAAAAAAAAAAAAAAAAIAAAAAAAAAAAAAAAAAAAAAAAAAAAAAAAAAAAAAAAAAAAAAAAAgAAAAAAAAAAIAAAAAABAAAAAAAAAAAAAAAAAAAAAAAAACACAAAAAAAAAAAAAAAAAAAAAAAAAAAAAAAAAAAAAAAAAAAAAAAAAABAAAAAAAAAAAAAAAgAAAAAAAEAAAAAAAAAAAAAAAAAAAAAAAgAEAAAAAAAAAgAAAAAAAAAAAAAAAAAQAAAAAAAAAAAAAAAAAAAAAAgAAAAAAAAAAAAAAAAIA==","ExtraData":"{ \"CrossChain\": \"\", \"Consensus\": \"CkEEwG+8/Wi0qPqtLU81i39qfpMUytvhwDfYQNO5vBohmUDRzI7EMpVQ41wyAYWxOSclh6wfKkqPwBm1G6s30b1QQxKOBwiFjAkS2QIKggEwNGMwNmZiY2ZkNjhiNGE4ZmFhZDJkNGYzNThiN2Y2YTdlOTMxNGNhZGJlMWMwMzdkODQwZDNiOWJjMWEyMTk5NDBkMWNjOGVjNDMyOTU1MGUzNWMzMjAxODViMTM5MjcyNTg3YWMxZjJhNGE4ZmMwMTliNTFiYWIzN2QxYmQ1MDQzEtEBOIfoAkqCATA0YzA2ZmJjZmQ2OGI0YThmYWFkMmQ0ZjM1OGI3ZjZhN2U5MzE0Y2FkYmUxYzAzN2Q4NDBkM2I5YmMxYTIxOTk0MGQxY2M4ZWM0MzI5NTUwZTM1YzMyMDE4NWIxMzkyNzI1ODdhYzFmMmE0YThmYzAxOWI1MWJhYjM3ZDFiZDUwNDNqBgiMgce0BmoLCIyBx7QGEOCUj3VqDAiMgce0BhD44dLVAWoMCIyBx7QGELiGhrcCagwIjIHHtAYQ2OitgQOAAQWIAb6fqwMShwEKggEwNGVkZGEwYmVmZTE5ODgwZmI2M2VhZTlmYTA5NDhiMWM4OTVjM2E5YWQ5YTk0YTlmMmUzM2JiNmVmZTEwZTg1MTkwOTJmZGFmNzIxYjlhZjVjMDJjMDNiZTVjYTJjZmVhYWI3MThjZGE3YmZlZGEyZTAxOThjYzhkZjVlMGU0NzM1EgAShwEKggEwNGM3ODQ5MjQxMWE2ZWJjNDNlZDBiODhkY2QxNTI1ZTMxZTY0NTA2Y2Q1YTkwOWMwMTc1MzBmMzMyZTI1OTM0ZDc2NTlkNWNiMDE5Y2ZjZjZiOTA2MWZmZDJmNGU5ZWI0ZjkxODI3OGM0MjcyMjE4MjdlZjZjMmI2MmRiZDc5MjhhEgAShwEKggEwNDAwMGM0M2ZiMTEwZTZjMDQ1NzZkYWEzZmRmMDNlMGMwYjdlZjg1NmI1YWE1Yzg2MzZlZTM0ODFjMDEyZGRmNjViYjc5MjQwNGIyZGIzMTBlYzcwYmE0MmZhMjZlZjY4ZDIzNmJjNDMzYTNiZTVkZTAxMDkyN2I3NDhmOTJiNzFkEgAShwEKggEwNDY2MTYxZGQyMmFhYjZmNDJhNDQxMDA2MTE0Mjg0NTdlM2UzZjgwNmQ2MzhkNjFmODExYzBiOTU3OTc3NzFiMmFkNjVmYjEyZTI0YjA2MThjYTZmMzUzOWQxNTIyNDQ4ZWNhMDg3YTgwMmRiODJhMjM2MWNjYWFkM2Q4MTkzZjM4EgBQlIXjhiAYBA==\", \"SystemTransactionCount\": \"CAI=\" }","MerkleTreeRootOfTransactions":"19c992895a884b1285c9e1aa71e0c6e3f877f787ef5ab92ce1a8c7939bb1e510","MerkleTreeRootOfTransactionStatus":"b9eabffa657ec7587fb6fdb5de4dcebe51f6ec88610d934e7aea89812ea75e60","MerkleTreeRootOfWorldState":"0b3b9935cebcd74cf9ca3c7a89b91efeea7ccd3f743f65d1895038238a2c3e9a","BlockSize":"1685"},"transactionIds":["2a9c5e63d4b3b483ef507c2bba8be387bceb70ca17e13620d876d624a18e175b","a248e90a871436f464ded60b6d225d1f316fba1ee7c99c650bbf659fa6d216fd"],"logEventCount":1}]
11111CaseOne.Token3TestTests.test001_Test
11111test001_Test
]]></output>
        </test-case>
      </test-suite>
      <test-suite type="TestFixture" id="1-1009" name="TokenTests" fullname="CaseOne.TokenTests" classname="CaseOne.TokenTests" runstate="Runnable" testcasecount="3" result="Passed" start-time="2024-11-25T16:59:46.7259420Z" end-time="2024-11-25T16:59:46.9493180Z" duration="0.223376" total="3" passed="3" failed="0" warnings="0" inconclusive="0" skipped="0" asserts="2">
        <test-case id="1-1010" name="TestConnectToken" fullname="CaseOne.TokenTests.TestConnectToken" methodname="TestConnectToken" classname="CaseOne.TokenTests" runstate="Runnable" seed="460141657" result="Passed" start-time="2024-11-25T16:59:46.7260380Z" end-time="2024-11-25T16:59:46.9487380Z" duration="0.222701" asserts="2">
          <properties>
            <property name="Description" value="测试获取token" />
          </properties>
          <output><![CDATA[000000CaseOne.TokenTests.TestConnectToken
000000TestConnectToken
=========NUnit.Framework.Internal.PropertyBag
=========测试获取token
Request was successful!
{
  "access_token": "eyJhbGciOiJSUzI1NiIsImtpZCI6IkM5QUE4NzE3ODFCOEUzNEY0NTgwNjMyMjQ1MkE0QzYyMTI1Q0EzNzYiLCJ4NXQiOiJ5YXFIRjRHNDQwOUZnR01pUlNwTVloSmNvM1kiLCJ0eXAiOiJhdCtqd3QifQ.eyJpc3MiOiJodHRwOi8vMTkyLjE2OC43MS4xMjg6ODA4Mi8iLCJleHAiOjE3MzI1NTc1ODcsImlhdCI6MTczMjU1Mzk4NywiYXVkIjoiQWVGaW5kZXIiLCJzY29wZSI6IkFlRmluZGVyIiwianRpIjoiNzQwNzVkNDUtNjQ2NC00YzNlLThmOWMtNTY5YmVmYWRmNjkyIiwic3ViIjoiZTQxZTg1ZWEtNTI3ZC0wNWZlLTA0YWYtM2ExMmUwNWNhZDZmIiwidW5pcXVlX25hbWUiOiJhZG1pbiIsInByZWZlcnJlZF91c2VybmFtZSI6ImFkbWluIiwiZ2l2ZW5fbmFtZSI6ImFkbWluIiwicm9sZSI6ImFkbWluIiwiZW1haWwiOiJhZG1pbkBhYnAuaW8iLCJlbWFpbF92ZXJpZmllZCI6IkZhbHNlIiwicGhvbmVfbnVtYmVyX3ZlcmlmaWVkIjoiRmFsc2UiLCJvaV9wcnN0IjoiQWVGaW5kZXJfQXBwIiwiY2xpZW50X2lkIjoiQWVGaW5kZXJfQXBwIiwib2lfdGtuX2lkIjoiMjkxMzNhYzctMWI5Yy0xNzBiLTQ2ZjctM2ExNjc2NzBhY2E0In0.gXa6bKWloqmFwr9nSqJKc38uGF6qjIVTO5zXJMxINPlTTKNlXOlb8srzHXeA9oktdigXk0ifjMVW_DCbaJxfMsxwrt2YmxFjT9ZTzfJDKG7EuvxUKWR8SE8FsTqZEEfucOw31QvYIOGWG-Iuxmpk1Z34vvEGo-0HY2mdcsdp--00PEatu-1I74Q3hG_DYk7KBqOO93VOZV3k3T5_p40O3HTHp-r-2Ph8avZ7CEH1M0HMitxh9HMyUH0m2hjEpGgyhxzGOcVp2_zx5nqeuWCFBQBpjznjYWfVl8yBQLItg_0ruy9f4K22BAyqDWAX_5RgzLMZvXnqeXIz6nwa6ywUQQ",
  "token_type": "Bearer",
  "expires_in": 3600
}
access_token: eyJhbGciOiJSUzI1NiIsImtpZCI6IkM5QUE4NzE3ODFCOEUzNEY0NTgwNjMyMjQ1MkE0QzYyMTI1Q0EzNzYiLCJ4NXQiOiJ5YXFIRjRHNDQwOUZnR01pUlNwTVloSmNvM1kiLCJ0eXAiOiJhdCtqd3QifQ.eyJpc3MiOiJodHRwOi8vMTkyLjE2OC43MS4xMjg6ODA4Mi8iLCJleHAiOjE3MzI1NTc1ODcsImlhdCI6MTczMjU1Mzk4NywiYXVkIjoiQWVGaW5kZXIiLCJzY29wZSI6IkFlRmluZGVyIiwianRpIjoiNzQwNzVkNDUtNjQ2NC00YzNlLThmOWMtNTY5YmVmYWRmNjkyIiwic3ViIjoiZTQxZTg1ZWEtNTI3ZC0wNWZlLTA0YWYtM2ExMmUwNWNhZDZmIiwidW5pcXVlX25hbWUiOiJhZG1pbiIsInByZWZlcnJlZF91c2VybmFtZSI6ImFkbWluIiwiZ2l2ZW5fbmFtZSI6ImFkbWluIiwicm9sZSI6ImFkbWluIiwiZW1haWwiOiJhZG1pbkBhYnAuaW8iLCJlbWFpbF92ZXJpZmllZCI6IkZhbHNlIiwicGhvbmVfbnVtYmVyX3ZlcmlmaWVkIjoiRmFsc2UiLCJvaV9wcnN0IjoiQWVGaW5kZXJfQXBwIiwiY2xpZW50X2lkIjoiQWVGaW5kZXJfQXBwIiwib2lfdGtuX2lkIjoiMjkxMzNhYzctMWI5Yy0xNzBiLTQ2ZjctM2ExNjc2NzBhY2E0In0.gXa6bKWloqmFwr9nSqJKc38uGF6qjIVTO5zXJMxINPlTTKNlXOlb8srzHXeA9oktdigXk0ifjMVW_DCbaJxfMsxwrt2YmxFjT9ZTzfJDKG7EuvxUKWR8SE8FsTqZEEfucOw31QvYIOGWG-Iuxmpk1Z34vvEGo-0HY2mdcsdp--00PEatu-1I74Q3hG_DYk7KBqOO93VOZV3k3T5_p40O3HTHp-r-2Ph8avZ7CEH1M0HMitxh9HMyUH0m2hjEpGgyhxzGOcVp2_zx5nqeuWCFBQBpjznjYWfVl8yBQLItg_0ruy9f4K22BAyqDWAX_5RgzLMZvXnqeXIz6nwa6ywUQQ
token_type: Bearer
expires_in: 3600
11111CaseOne.TokenTests.TestConnectToken
11111TestConnectToken
]]></output>
        </test-case>
        <test-case id="1-1011" name="TestLogin001" fullname="CaseOne.TokenTests.TestLogin001" methodname="TestLogin001" classname="CaseOne.TokenTests" runstate="Runnable" seed="1297828594" result="Passed" start-time="2024-11-25T16:59:46.9488000Z" end-time="2024-11-25T16:59:46.9491510Z" duration="0.000351" asserts="0">
          <properties>
            <property name="Description" value="测试登录-正向" />
          </properties>
          <output><![CDATA[000000CaseOne.TokenTests.TestLogin001
000000TestLogin001
=========NUnit.Framework.Internal.PropertyBag
=========测试登录-正向
11111CaseOne.TokenTests.TestLogin001
11111TestLogin001
]]></output>
        </test-case>
        <test-case id="1-1012" name="TestLogin002" fullname="CaseOne.TokenTests.TestLogin002" methodname="TestLogin002" classname="CaseOne.TokenTests" runstate="Runnable" seed="1897954692" result="Passed" start-time="2024-11-25T16:59:46.9491630Z" end-time="2024-11-25T16:59:46.9492850Z" duration="0.000122" asserts="0">
          <properties>
            <property name="Description" value="测试登录-用户名异常" />
          </properties>
          <output><![CDATA[000000CaseOne.TokenTests.TestLogin002
000000TestLogin002
=========NUnit.Framework.Internal.PropertyBag
=========测试登录-用户名异常
11111CaseOne.TokenTests.TestLogin002
11111TestLogin002
]]></output>
        </test-case>
      </test-suite>
      <test-suite type="TestFixture" id="1-1005" name="TokenTestTests" fullname="CaseOne.TokenTestTests" classname="CaseOne.TokenTestTests" runstate="Runnable" testcasecount="2" result="Passed" start-time="2024-11-25T16:59:46.9493600Z" end-time="2024-11-25T16:59:47.5346320Z" duration="0.585271" total="2" passed="2" failed="0" warnings="0" inconclusive="0" skipped="0" asserts="10">
        <test-suite type="ParameterizedMethod" id="1-1008" name="test001_Test" fullname="CaseOne.TokenTestTests.test001_Test" classname="CaseOne.TokenTestTests" runstate="Runnable" testcasecount="2" result="Passed" start-time="2024-11-25T16:59:46.9495020Z" end-time="2024-11-25T16:59:47.5345660Z" duration="0.585065" total="2" passed="2" failed="0" warnings="0" inconclusive="0" skipped="0" asserts="10">
          <properties>
            <property name="Description" value="test001" />
          </properties>
          <test-case id="1-1006" name="test001_Test(System.Collections.Generic.Dictionary`2[System.Int32,AeIndexerTester.DataProviderObj])" fullname="CaseOne.TokenTestTests.test001_Test(System.Collections.Generic.Dictionary`2[System.Int32,AeIndexerTester.DataProviderObj])" methodname="test001_Test" classname="CaseOne.TokenTestTests" runstate="Runnable" seed="713026514" result="Passed" start-time="2024-11-25T16:59:46.9497190Z" end-time="2024-11-25T16:59:47.2329900Z" duration="0.283271" asserts="5">
            <output><![CDATA[000000CaseOne.TokenTestTests.test001_Test
000000test001_Test
=========NUnit.Framework.Internal.PropertyBag
=========test001
Key: username, Value: admin
Key: password, Value: 1q2W3e*
Key: client_id, Value: AeFinder_App
Key: grant_type, Value: password
Key: scope, Value: AeFinder
100
GetOrPost
GetOrPost
GetOrPost
GetOrPost
GetOrPost
100
100
100
100
100
=============
curl "http://192.168.71.128:8082/connect/token" -X POST --data-urlencode "username=admin" --data-urlencode "password=1q2W3e*" --data-urlencode "client_id=AeFinder_App" --data-urlencode "grant_type=password" --data-urlencode "scope=AeFinder"
Request was successful!
{
  "access_token": "eyJhbGciOiJSUzI1NiIsImtpZCI6IkM5QUE4NzE3ODFCOEUzNEY0NTgwNjMyMjQ1MkE0QzYyMTI1Q0EzNzYiLCJ4NXQiOiJ5YXFIRjRHNDQwOUZnR01pUlNwTVloSmNvM1kiLCJ0eXAiOiJhdCtqd3QifQ.eyJpc3MiOiJodHRwOi8vMTkyLjE2OC43MS4xMjg6ODA4Mi8iLCJleHAiOjE3MzI1NTc1ODcsImlhdCI6MTczMjU1Mzk4NywiYXVkIjoiQWVGaW5kZXIiLCJzY29wZSI6IkFlRmluZGVyIiwianRpIjoiOGExOTM2MjgtYWIzZC00YzhiLTk4Y2ItYWQ5YjAxNmM1Y2I5Iiwic3ViIjoiZTQxZTg1ZWEtNTI3ZC0wNWZlLTA0YWYtM2ExMmUwNWNhZDZmIiwidW5pcXVlX25hbWUiOiJhZG1pbiIsInByZWZlcnJlZF91c2VybmFtZSI6ImFkbWluIiwiZ2l2ZW5fbmFtZSI6ImFkbWluIiwicm9sZSI6ImFkbWluIiwiZW1haWwiOiJhZG1pbkBhYnAuaW8iLCJlbWFpbF92ZXJpZmllZCI6IkZhbHNlIiwicGhvbmVfbnVtYmVyX3ZlcmlmaWVkIjoiRmFsc2UiLCJvaV9wcnN0IjoiQWVGaW5kZXJfQXBwIiwiY2xpZW50X2lkIjoiQWVGaW5kZXJfQXBwIiwib2lfdGtuX2lkIjoiNmUxNWUwYzUtMWIyZS05OWM3LWY2ZWEtM2ExNjc2NzBhZDdmIn0.I2PJ1VYpJChqSRcdJnuhgEEStU0P1k-i8ocaG5yu_iFD0LApmWDDDlQd-G0gpzEFSQ9o6wQeBy2uIoDFbT20Hpx08G4yS-FuqZVIbl6XWzAnPAVMymShkdDikK3nW3C343-if2BmyMN5R7_PbI26BAt52EYCvgRVaokD36txhTeTI1dxdSUGz6sd9woLkIUIqmZZ5trpk1NH09OoSwu3eICiK5jLPMietfdL-mal_SUkA9L8g2MPGUs29fUWJF1ylb4UkKOI1bn0VYw7dMBgnUoah03JpT8XBuMVpd745hblQ2IfPw-5xgaDn-wh6VPz1xF68jkxO9THyEUHbY82qw",
  "token_type": "Bearer",
  "expires_in": 3600
}
000999111
100
HttpHeader
RequestBody
=============
200
curl "http://192.168.71.128:8081/api/app/block/blocks" -X POST -H "Authorization: Bearer eyJhbGciOiJSUzI1NiIsImtpZCI6IkM5QUE4NzE3ODFCOEUzNEY0NTgwNjMyMjQ1MkE0QzYyMTI1Q0EzNzYiLCJ4NXQiOiJ5YXFIRjRHNDQwOUZnR01pUlNwTVloSmNvM1kiLCJ0eXAiOiJhdCtqd3QifQ.eyJpc3MiOiJodHRwOi8vMTkyLjE2OC43MS4xMjg6ODA4Mi8iLCJleHAiOjE3MzI1NTc1ODcsImlhdCI6MTczMjU1Mzk4NywiYXVkIjoiQWVGaW5kZXIiLCJzY29wZSI6IkFlRmluZGVyIiwianRpIjoiOGExOTM2MjgtYWIzZC00YzhiLTk4Y2ItYWQ5YjAxNmM1Y2I5Iiwic3ViIjoiZTQxZTg1ZWEtNTI3ZC0wNWZlLTA0YWYtM2ExMmUwNWNhZDZmIiwidW5pcXVlX25hbWUiOiJhZG1pbiIsInByZWZlcnJlZF91c2VybmFtZSI6ImFkbWluIiwiZ2l2ZW5fbmFtZSI6ImFkbWluIiwicm9sZSI6ImFkbWluIiwiZW1haWwiOiJhZG1pbkBhYnAuaW8iLCJlbWFpbF92ZXJpZmllZCI6IkZhbHNlIiwicGhvbmVfbnVtYmVyX3ZlcmlmaWVkIjoiRmFsc2UiLCJvaV9wcnN0IjoiQWVGaW5kZXJfQXBwIiwiY2xpZW50X2lkIjoiQWVGaW5kZXJfQXBwIiwib2lfdGtuX2lkIjoiNmUxNWUwYzUtMWIyZS05OWM3LWY2ZWEtM2ExNjc2NzBhZDdmIn0.I2PJ1VYpJChqSRcdJnuhgEEStU0P1k-i8ocaG5yu_iFD0LApmWDDDlQd-G0gpzEFSQ9o6wQeBy2uIoDFbT20Hpx08G4yS-FuqZVIbl6XWzAnPAVMymShkdDikK3nW3C343-if2BmyMN5R7_PbI26BAt52EYCvgRVaokD36txhTeTI1dxdSUGz6sd9woLkIUIqmZZ5trpk1NH09OoSwu3eICiK5jLPMietfdL-mal_SUkA9L8g2MPGUs29fUWJF1ylb4UkKOI1bn0VYw7dMBgnUoah03JpT8XBuMVpd745hblQ2IfPw-5xgaDn-wh6VPz1xF68jkxO9THyEUHbY82qw" -H "Content-Type: application/json" -d '{"chainId":"AELF","startBlockHeight":7000000,"endBlockHeight":7000002,"isOnlyConfirmed":false}'
Request was successful!
[{"id":"ec815f4898d49c6a7e6cfd0747f53e69e53e0e7b371167241ee6285957b66340","chainId":"AELF","blockHash":"ec815f4898d49c6a7e6cfd0747f53e69e53e0e7b371167241ee6285957b66340","blockHeight":7000000,"previousBlockHash":"48491f923ca707f415d8e2052237ef5cee39925e8598827cbe55abb4d6d3714c","blockTime":"2024-07-12T23:47:24.4480494Z","signerPubkey":"04c06fbcfd68b4a8faad2d4f358b7f6a7e9314cadbe1c037d840d3b9bc1a219940d1cc8ec4329550e35c320185b139272587ac1f2a4a8fc019b51bab37d1bd5043","miner":"29Mz4mF5WFvGNyj1H7S3udovY2B8fJybNyiRghzRNt2AXTkBZD","signature":"cefaa40abc8f364d92df98912d9561166dfc21c8a9bda7616d3eb9d512662c39325ea3ddaef1bbc870c3e34908f1cdd0bd86154d079ce1b8122638836e4ba72a00","confirmed":true,"extraProperties":{"Version":"0","Bloom":"AAAAAAAAAAAAAAAAAAAAAABAAAGAAAAAAAAAAAIAAACAAAAAAAAAAAAgAAAAAAAAAIAAAAAAAAAAAAAAAAAAAAAAAAAAAAAAgAAAAAAAgAABAAAAAAAAAAAAAAAAAAAAAAAAAAAAIAAAAAABAAAAAAAAAAAIAAAAAAAAAAAAACACAAAAAAAAAAAAAAAAAAAAAAAAAAAAAAAAAAAAAAAAAAAAAAAAAAAAAAAAAAAAAAAAAAAAAAAAAAEAAAAAAAAAAAAAAAAAAAAAAAgAAAAAAAAAAAwAAAAAAAAAAAAAAAAAAAAAAAAAAAAAAAAAAAAAAAAgAAAAAAAAAAAAAAAAIA==","ExtraData":"{ \"CrossChain\": \"\", \"Consensus\": \"CkEEwG+8/Wi0qPqtLU81i39qfpMUytvhwDfYQNO5vBohmUDRzI7EMpVQ41wyAYWxOSclh6wfKkqPwBm1G6s30b1QQxLyBgiFjAkSvQIKggEwNGMwNmZiY2ZkNjhiNGE4ZmFhZDJkNGYzNThiN2Y2YTdlOTMxNGNhZGJlMWMwMzdkODQwZDNiOWJjMWEyMTk5NDBkMWNjOGVjNDMyOTU1MGUzNWMzMjAxODViMTM5MjcyNTg3YWMxZjJhNGE4ZmMwMTliNTFiYWIzN2QxYmQ1MDQzErUBOIXoAkqCATA0YzA2ZmJjZmQ2OGI0YThmYWFkMmQ0ZjM1OGI3ZjZhN2U5MzE0Y2FkYmUxYzAzN2Q4NDBkM2I5YmMxYTIxOTk0MGQxY2M4ZWM0MzI5NTUwZTM1YzMyMDE4NWIxMzkyNzI1ODdhYzFmMmE0YThmYzAxOWI1MWJhYjM3ZDFiZDUwNDNqBgiMgce0BmoLCIyBx7QGEOCUj3VqDAiMgce0BhD44dLVAYABA4gBvp+rAxKHAQqCATA0ZWRkYTBiZWZlMTk4ODBmYjYzZWFlOWZhMDk0OGIxYzg5NWMzYTlhZDlhOTRhOWYyZTMzYmI2ZWZlMTBlODUxOTA5MmZkYWY3MjFiOWFmNWMwMmMwM2JlNWNhMmNmZWFhYjcxOGNkYTdiZmVkYTJlMDE5OGNjOGRmNWUwZTQ3MzUSABKHAQqCATA0Yzc4NDkyNDExYTZlYmM0M2VkMGI4OGRjZDE1MjVlMzFlNjQ1MDZjZDVhOTA5YzAxNzUzMGYzMzJlMjU5MzRkNzY1OWQ1Y2IwMTljZmNmNmI5MDYxZmZkMmY0ZTllYjRmOTE4Mjc4YzQyNzIyMTgyN2VmNmMyYjYyZGJkNzkyOGESABKHAQqCATA0MDAwYzQzZmIxMTBlNmMwNDU3NmRhYTNmZGYwM2UwYzBiN2VmODU2YjVhYTVjODYzNmVlMzQ4MWMwMTJkZGY2NWJiNzkyNDA0YjJkYjMxMGVjNzBiYTQyZmEyNmVmNjhkMjM2YmM0MzNhM2JlNWRlMDEwOTI3Yjc0OGY5MmI3MWQSABKHAQqCATA0NjYxNjFkZDIyYWFiNmY0MmE0NDEwMDYxMTQyODQ1N2UzZTNmODA2ZDYzOGQ2MWY4MTFjMGI5NTc5Nzc3MWIyYWQ2NWZiMTJlMjRiMDYxOGNhNmYzNTM5ZDE1MjI0NDhlY2EwODdhODAyZGI4MmEyMzYxY2NhYWQzZDgxOTNmMzgSAFCUheOGIBgE\", \"SystemTransactionCount\": \"CAI=\" }","MerkleTreeRootOfTransactions":"43d645ec8db474fe3131c36f7ea1b01712de1ec76f31a5d6f523b54763a21cb2","MerkleTreeRootOfTransactionStatus":"8312e73dff8df751163e2ef24c72fd48737263760f5940e68cb65e052fc2ae76","MerkleTreeRootOfWorldState":"739affc4bfb8558c1ae3c0bee9d0ce850fcdb8c865dd02a64080935dcb5bdc03","BlockSize":"1657"},"transactionIds":["0776547eb9e5121b6cd513874cab01d9c1184eb53e1bd827c377f8693bd34cfa","42ed60883588e53c2d11a035acf629c63f13e0a9f78a08a95575fb7b123046ea"],"logEventCount":1},{"id":"392209b6f6a4e406b8e8fed0aeb9125b716179a34e18c6a62d8d277a65450944","chainId":"AELF","blockHash":"392209b6f6a4e406b8e8fed0aeb9125b716179a34e18c6a62d8d277a65450944","blockHeight":7000001,"previousBlockHash":"ec815f4898d49c6a7e6cfd0747f53e69e53e0e7b371167241ee6285957b66340","blockTime":"2024-07-12T23:47:24.6523134Z","signerPubkey":"04c06fbcfd68b4a8faad2d4f358b7f6a7e9314cadbe1c037d840d3b9bc1a219940d1cc8ec4329550e35c320185b139272587ac1f2a4a8fc019b51bab37d1bd5043","miner":"29Mz4mF5WFvGNyj1H7S3udovY2B8fJybNyiRghzRNt2AXTkBZD","signature":"3ebeb56ad1fc0ce24a6e93f29e70a9c03746dd035204a349c283e225389ef4cb56a255d75829f80d5e379956619edf83fa3cef669830ba80b418aa6bc700b62501","confirmed":true,"extraProperties":{"Version":"0","Bloom":"AAAAAAAAAAAAAACAAAAAAABAAAAAAAAAAAAAAAIAAACAAAAAAAAAAAAAAAAAAAAAAAAAAAAAAAAAAAAAAAAAAAAAAAAAQAAAAAAABAAAAAAAAAAAAAAAAAAAAAgAAAAAAAAAAAAAIAAAAAABAAAAAAAAAAAAAAAAAAAAAAAAACACAAAAAAAAAAAAAAAAAAAAAAAAAAAAAAAAAAAAIAAAAAAAAAAAAAAAAAACBAAAAAAAAAAgAAAAAAEAAAAAEAAAAAAAAAAAAAAAAAgAAAAAAAAAAAgAAAAAAAAAAAAAAAAAAAAAAAAAAAAAAAAAAAAAAAAgAAAAAAAAAAAAAAAAIA==","ExtraData":"{ \"CrossChain\": \"\", \"Consensus\": \"CkEEwG+8/Wi0qPqtLU81i39qfpMUytvhwDfYQNO5vBohmUDRzI7EMpVQ41wyAYWxOSclh6wfKkqPwBm1G6s30b1QQxKABwiFjAkSywIKggEwNGMwNmZiY2ZkNjhiNGE4ZmFhZDJkNGYzNThiN2Y2YTdlOTMxNGNhZGJlMWMwMzdkODQwZDNiOWJjMWEyMTk5NDBkMWNjOGVjNDMyOTU1MGUzNWMzMjAxODViMTM5MjcyNTg3YWMxZjJhNGE4ZmMwMTliNTFiYWIzN2QxYmQ1MDQzEsMBOIboAkqCATA0YzA2ZmJjZmQ2OGI0YThmYWFkMmQ0ZjM1OGI3ZjZhN2U5MzE0Y2FkYmUxYzAzN2Q4NDBkM2I5YmMxYTIxOTk0MGQxY2M4ZWM0MzI5NTUwZTM1YzMyMDE4NWIxMzkyNzI1ODdhYzFmMmE0YThmYzAxOWI1MWJhYjM3ZDFiZDUwNDNqBgiMgce0BmoLCIyBx7QGEOCUj3VqDAiMgce0BhD44dLVAWoMCIyBx7QGELiGhrcCgAEEiAG+n6sDEocBCoIBMDRlZGRhMGJlZmUxOTg4MGZiNjNlYWU5ZmEwOTQ4YjFjODk1YzNhOWFkOWE5NGE5ZjJlMzNiYjZlZmUxMGU4NTE5MDkyZmRhZjcyMWI5YWY1YzAyYzAzYmU1Y2EyY2ZlYWFiNzE4Y2RhN2JmZWRhMmUwMTk4Y2M4ZGY1ZTBlNDczNRIAEocBCoIBMDRjNzg0OTI0MTFhNmViYzQzZWQwYjg4ZGNkMTUyNWUzMWU2NDUwNmNkNWE5MDljMDE3NTMwZjMzMmUyNTkzNGQ3NjU5ZDVjYjAxOWNmY2Y2YjkwNjFmZmQyZjRlOWViNGY5MTgyNzhjNDI3MjIxODI3ZWY2YzJiNjJkYmQ3OTI4YRIAEocBCoIBMDQwMDBjNDNmYjExMGU2YzA0NTc2ZGFhM2ZkZjAzZTBjMGI3ZWY4NTZiNWFhNWM4NjM2ZWUzNDgxYzAxMmRkZjY1YmI3OTI0MDRiMmRiMzEwZWM3MGJhNDJmYTI2ZWY2OGQyMzZiYzQzM2EzYmU1ZGUwMTA5MjdiNzQ4ZjkyYjcxZBIAEocBCoIBMDQ2NjE2MWRkMjJhYWI2ZjQyYTQ0MTAwNjExNDI4NDU3ZTNlM2Y4MDZkNjM4ZDYxZjgxMWMwYjk1Nzk3NzcxYjJhZDY1ZmIxMmUyNGIwNjE4Y2E2ZjM1MzlkMTUyMjQ0OGVjYTA4N2E4MDJkYjgyYTIzNjFjY2FhZDNkODE5M2YzOBIAUJSF44YgGAQ=\", \"SystemTransactionCount\": \"CAI=\" }","MerkleTreeRootOfTransactions":"0092c9d706bb2fa6138501938266766224a7b6ccbe1379984c9f935d9e34eaef","MerkleTreeRootOfTransactionStatus":"c68645eea3ed06390ece14abf06494dea6f3e20d5765e92eee0ca01a2631c51c","MerkleTreeRootOfWorldState":"cd46895837e7d1dfbbb75d30586da941d6d97ce45ef19647114316b4c1b5c9cf","BlockSize":"1671"},"transactionIds":["d9b09fc9cb91274a20d669abdb6979ee429ebb7b1a3c060779a3e5ade60431d4","2d0e66b6f21c1180244f7ced3b12f255a3ccbd30a82c94e3de9fdc45e9df6d50"],"logEventCount":1},{"id":"32c3a03c741ff1a33d9b10cba88f941435b328a4171b5ea983b1c3ac63b03940","chainId":"AELF","blockHash":"32c3a03c741ff1a33d9b10cba88f941435b328a4171b5ea983b1c3ac63b03940","blockHeight":7000002,"previousBlockHash":"392209b6f6a4e406b8e8fed0aeb9125b716179a34e18c6a62d8d277a65450944","blockTime":"2024-07-12T23:47:24.8081542Z","signerPubkey":"04c06fbcfd68b4a8faad2d4f358b7f6a7e9314cadbe1c037d840d3b9bc1a219940d1cc8ec4329550e35c320185b139272587ac1f2a4a8fc019b51bab37d1bd5043","miner":"29Mz4mF5WFvGNyj1H7S3udovY2B8fJybNyiRghzRNt2AXTkBZD","signature":"824c4260e8e381c58ff48e9ed8fa7578d44b891780c3c7938c68ffa53acff2e92d3237489907a9c7987b9bece4b78090b11c196a8b53f2a9f2a9bcf9afae43de00","confirmed":true,"extraProperties":{"Version":"0","Bloom":"AQAAAAAAAAAAAAAAAAAAAABAAAAAAAACAAAAAAIAAACACAAAAAAAAAAAAAAAAAAAAAAAAAAAAAAAIAAAAAAAAAAAAAAAAAAAAAAAAAAAAAAAAAAAAAAAAAAAAAAAAgAAAAAAAAAAIAAAAAABAAAAAAAAAAAAAAAAAAAAAAAAACACAAAAAAAAAAAAAAAAAAAAAAAAAAAAAAAAAAAAAAAAAAAAAAAAAABAAAAAAAAAAAAAAAgAAAAAAAEAAAAAAAAAAAAAAAAAAAAAAAgAEAAAAAAAAAgAAAAAAAAAAAAAAAAAQAAAAAAAAAAAAAAAAAAAAAAgAAAAAAAAAAAAAAAAIA==","ExtraData":"{ \"CrossChain\": \"\", \"Consensus\": \"CkEEwG+8/Wi0qPqtLU81i39qfpMUytvhwDfYQNO5vBohmUDRzI7EMpVQ41wyAYWxOSclh6wfKkqPwBm1G6s30b1QQxKOBwiFjAkS2QIKggEwNGMwNmZiY2ZkNjhiNGE4ZmFhZDJkNGYzNThiN2Y2YTdlOTMxNGNhZGJlMWMwMzdkODQwZDNiOWJjMWEyMTk5NDBkMWNjOGVjNDMyOTU1MGUzNWMzMjAxODViMTM5MjcyNTg3YWMxZjJhNGE4ZmMwMTliNTFiYWIzN2QxYmQ1MDQzEtEBOIfoAkqCATA0YzA2ZmJjZmQ2OGI0YThmYWFkMmQ0ZjM1OGI3ZjZhN2U5MzE0Y2FkYmUxYzAzN2Q4NDBkM2I5YmMxYTIxOTk0MGQxY2M4ZWM0MzI5NTUwZTM1YzMyMDE4NWIxMzkyNzI1ODdhYzFmMmE0YThmYzAxOWI1MWJhYjM3ZDFiZDUwNDNqBgiMgce0BmoLCIyBx7QGEOCUj3VqDAiMgce0BhD44dLVAWoMCIyBx7QGELiGhrcCagwIjIHHtAYQ2OitgQOAAQWIAb6fqwMShwEKggEwNGVkZGEwYmVmZTE5ODgwZmI2M2VhZTlmYTA5NDhiMWM4OTVjM2E5YWQ5YTk0YTlmMmUzM2JiNmVmZTEwZTg1MTkwOTJmZGFmNzIxYjlhZjVjMDJjMDNiZTVjYTJjZmVhYWI3MThjZGE3YmZlZGEyZTAxOThjYzhkZjVlMGU0NzM1EgAShwEKggEwNGM3ODQ5MjQxMWE2ZWJjNDNlZDBiODhkY2QxNTI1ZTMxZTY0NTA2Y2Q1YTkwOWMwMTc1MzBmMzMyZTI1OTM0ZDc2NTlkNWNiMDE5Y2ZjZjZiOTA2MWZmZDJmNGU5ZWI0ZjkxODI3OGM0MjcyMjE4MjdlZjZjMmI2MmRiZDc5MjhhEgAShwEKggEwNDAwMGM0M2ZiMTEwZTZjMDQ1NzZkYWEzZmRmMDNlMGMwYjdlZjg1NmI1YWE1Yzg2MzZlZTM0ODFjMDEyZGRmNjViYjc5MjQwNGIyZGIzMTBlYzcwYmE0MmZhMjZlZjY4ZDIzNmJjNDMzYTNiZTVkZTAxMDkyN2I3NDhmOTJiNzFkEgAShwEKggEwNDY2MTYxZGQyMmFhYjZmNDJhNDQxMDA2MTE0Mjg0NTdlM2UzZjgwNmQ2MzhkNjFmODExYzBiOTU3OTc3NzFiMmFkNjVmYjEyZTI0YjA2MThjYTZmMzUzOWQxNTIyNDQ4ZWNhMDg3YTgwMmRiODJhMjM2MWNjYWFkM2Q4MTkzZjM4EgBQlIXjhiAYBA==\", \"SystemTransactionCount\": \"CAI=\" }","MerkleTreeRootOfTransactions":"19c992895a884b1285c9e1aa71e0c6e3f877f787ef5ab92ce1a8c7939bb1e510","MerkleTreeRootOfTransactionStatus":"b9eabffa657ec7587fb6fdb5de4dcebe51f6ec88610d934e7aea89812ea75e60","MerkleTreeRootOfWorldState":"0b3b9935cebcd74cf9ca3c7a89b91efeea7ccd3f743f65d1895038238a2c3e9a","BlockSize":"1685"},"transactionIds":["2a9c5e63d4b3b483ef507c2bba8be387bceb70ca17e13620d876d624a18e175b","a248e90a871436f464ded60b6d225d1f316fba1ee7c99c650bbf659fa6d216fd"],"logEventCount":1}]
11111CaseOne.TokenTestTests.test001_Test
11111test001_Test
]]></output>
          </test-case>
          <test-case id="1-1007" name="test001_Test(System.Collections.Generic.Dictionary`2[System.Int32,AeIndexerTester.DataProviderObj])" fullname="CaseOne.TokenTestTests.test001_Test(System.Collections.Generic.Dictionary`2[System.Int32,AeIndexerTester.DataProviderObj])" methodname="test001_Test" classname="CaseOne.TokenTestTests" runstate="Runnable" seed="1995293223" result="Passed" start-time="2024-11-25T16:59:47.2330160Z" end-time="2024-11-25T16:59:47.5343850Z" duration="0.301369" asserts="5">
            <output><![CDATA[000000CaseOne.TokenTestTests.test001_Test
000000test001_Test
Key: username, Value: admin
Key: password, Value: 1q2W3e*
Key: client_id, Value: AeFinder_App
Key: grant_type, Value: password
Key: scope, Value: AeFinder
100
GetOrPost
GetOrPost
GetOrPost
GetOrPost
GetOrPost
100
100
100
100
100
=============
curl "http://192.168.71.128:8082/connect/token" -X POST --data-urlencode "username=admin" --data-urlencode "password=1q2W3e*" --data-urlencode "client_id=AeFinder_App" --data-urlencode "grant_type=password" --data-urlencode "scope=AeFinder"
Request was successful!
{
  "access_token": "eyJhbGciOiJSUzI1NiIsImtpZCI6IkM5QUE4NzE3ODFCOEUzNEY0NTgwNjMyMjQ1MkE0QzYyMTI1Q0EzNzYiLCJ4NXQiOiJ5YXFIRjRHNDQwOUZnR01pUlNwTVloSmNvM1kiLCJ0eXAiOiJhdCtqd3QifQ.eyJpc3MiOiJodHRwOi8vMTkyLjE2OC43MS4xMjg6ODA4Mi8iLCJleHAiOjE3MzI1NTc1ODcsImlhdCI6MTczMjU1Mzk4NywiYXVkIjoiQWVGaW5kZXIiLCJzY29wZSI6IkFlRmluZGVyIiwianRpIjoiYTQ3YTUyN2EtOGI4Mi00MzM5LTg0NDQtYTliYjMzNTk1YzI2Iiwic3ViIjoiZTQxZTg1ZWEtNTI3ZC0wNWZlLTA0YWYtM2ExMmUwNWNhZDZmIiwidW5pcXVlX25hbWUiOiJhZG1pbiIsInByZWZlcnJlZF91c2VybmFtZSI6ImFkbWluIiwiZ2l2ZW5fbmFtZSI6ImFkbWluIiwicm9sZSI6ImFkbWluIiwiZW1haWwiOiJhZG1pbkBhYnAuaW8iLCJlbWFpbF92ZXJpZmllZCI6IkZhbHNlIiwicGhvbmVfbnVtYmVyX3ZlcmlmaWVkIjoiRmFsc2UiLCJvaV9wcnN0IjoiQWVGaW5kZXJfQXBwIiwiY2xpZW50X2lkIjoiQWVGaW5kZXJfQXBwIiwib2lfdGtuX2lkIjoiYzU4NGQ4YWQtNzZiMC1kZTE0LWJiYjQtM2ExNjc2NzBhZWEwIn0.YpHCrSatA8iMHdHlgCJbsLm2p5_eTO7CrUvd7f4J8WUTrauQILSe5lTJk1-khcv9MdsRqIvzd6uU7vv7xHTwika-TkXo5kl8uN0LgLlJXJTOVX2FhWkyKqBCRfiCjUcAoYYkMoYBnSF2oafJFUAvMNyrOF6Qnk2YmG_-mZ7cuEWpKeZTXXRocgXDpUXsklFZ0ZemfQzzgMp3reKIPUNonZEHtOXg5uU1PTWICSH5ETESCEu3anhKaQpugKMxwyFpxFqiLWC55s7risAck54Zjm20HcQv9MhnU2_rmbOJSmCu0e_TY1wA44jk390EFH9MIh0olGJV0JXk0Oxv8LJ5NA",
  "token_type": "Bearer",
  "expires_in": 3599
}
000999111
100
HttpHeader
RequestBody
=============
200
curl "http://192.168.71.128:8081/api/app/block/blocks" -X POST -H "Authorization: Bearer eyJhbGciOiJSUzI1NiIsImtpZCI6IkM5QUE4NzE3ODFCOEUzNEY0NTgwNjMyMjQ1MkE0QzYyMTI1Q0EzNzYiLCJ4NXQiOiJ5YXFIRjRHNDQwOUZnR01pUlNwTVloSmNvM1kiLCJ0eXAiOiJhdCtqd3QifQ.eyJpc3MiOiJodHRwOi8vMTkyLjE2OC43MS4xMjg6ODA4Mi8iLCJleHAiOjE3MzI1NTc1ODcsImlhdCI6MTczMjU1Mzk4NywiYXVkIjoiQWVGaW5kZXIiLCJzY29wZSI6IkFlRmluZGVyIiwianRpIjoiYTQ3YTUyN2EtOGI4Mi00MzM5LTg0NDQtYTliYjMzNTk1YzI2Iiwic3ViIjoiZTQxZTg1ZWEtNTI3ZC0wNWZlLTA0YWYtM2ExMmUwNWNhZDZmIiwidW5pcXVlX25hbWUiOiJhZG1pbiIsInByZWZlcnJlZF91c2VybmFtZSI6ImFkbWluIiwiZ2l2ZW5fbmFtZSI6ImFkbWluIiwicm9sZSI6ImFkbWluIiwiZW1haWwiOiJhZG1pbkBhYnAuaW8iLCJlbWFpbF92ZXJpZmllZCI6IkZhbHNlIiwicGhvbmVfbnVtYmVyX3ZlcmlmaWVkIjoiRmFsc2UiLCJvaV9wcnN0IjoiQWVGaW5kZXJfQXBwIiwiY2xpZW50X2lkIjoiQWVGaW5kZXJfQXBwIiwib2lfdGtuX2lkIjoiYzU4NGQ4YWQtNzZiMC1kZTE0LWJiYjQtM2ExNjc2NzBhZWEwIn0.YpHCrSatA8iMHdHlgCJbsLm2p5_eTO7CrUvd7f4J8WUTrauQILSe5lTJk1-khcv9MdsRqIvzd6uU7vv7xHTwika-TkXo5kl8uN0LgLlJXJTOVX2FhWkyKqBCRfiCjUcAoYYkMoYBnSF2oafJFUAvMNyrOF6Qnk2YmG_-mZ7cuEWpKeZTXXRocgXDpUXsklFZ0ZemfQzzgMp3reKIPUNonZEHtOXg5uU1PTWICSH5ETESCEu3anhKaQpugKMxwyFpxFqiLWC55s7risAck54Zjm20HcQv9MhnU2_rmbOJSmCu0e_TY1wA44jk390EFH9MIh0olGJV0JXk0Oxv8LJ5NA" -H "Content-Type: application/json" -d '{"chainId":"AELF","startBlockHeight":7000000,"endBlockHeight":7000002,"isOnlyConfirmed":false}'
Request was successful!
[{"id":"ec815f4898d49c6a7e6cfd0747f53e69e53e0e7b371167241ee6285957b66340","chainId":"AELF","blockHash":"ec815f4898d49c6a7e6cfd0747f53e69e53e0e7b371167241ee6285957b66340","blockHeight":7000000,"previousBlockHash":"48491f923ca707f415d8e2052237ef5cee39925e8598827cbe55abb4d6d3714c","blockTime":"2024-07-12T23:47:24.4480494Z","signerPubkey":"04c06fbcfd68b4a8faad2d4f358b7f6a7e9314cadbe1c037d840d3b9bc1a219940d1cc8ec4329550e35c320185b139272587ac1f2a4a8fc019b51bab37d1bd5043","miner":"29Mz4mF5WFvGNyj1H7S3udovY2B8fJybNyiRghzRNt2AXTkBZD","signature":"cefaa40abc8f364d92df98912d9561166dfc21c8a9bda7616d3eb9d512662c39325ea3ddaef1bbc870c3e34908f1cdd0bd86154d079ce1b8122638836e4ba72a00","confirmed":true,"extraProperties":{"Version":"0","Bloom":"AAAAAAAAAAAAAAAAAAAAAABAAAGAAAAAAAAAAAIAAACAAAAAAAAAAAAgAAAAAAAAAIAAAAAAAAAAAAAAAAAAAAAAAAAAAAAAgAAAAAAAgAABAAAAAAAAAAAAAAAAAAAAAAAAAAAAIAAAAAABAAAAAAAAAAAIAAAAAAAAAAAAACACAAAAAAAAAAAAAAAAAAAAAAAAAAAAAAAAAAAAAAAAAAAAAAAAAAAAAAAAAAAAAAAAAAAAAAAAAAEAAAAAAAAAAAAAAAAAAAAAAAgAAAAAAAAAAAwAAAAAAAAAAAAAAAAAAAAAAAAAAAAAAAAAAAAAAAAgAAAAAAAAAAAAAAAAIA==","ExtraData":"{ \"CrossChain\": \"\", \"Consensus\": \"CkEEwG+8/Wi0qPqtLU81i39qfpMUytvhwDfYQNO5vBohmUDRzI7EMpVQ41wyAYWxOSclh6wfKkqPwBm1G6s30b1QQxLyBgiFjAkSvQIKggEwNGMwNmZiY2ZkNjhiNGE4ZmFhZDJkNGYzNThiN2Y2YTdlOTMxNGNhZGJlMWMwMzdkODQwZDNiOWJjMWEyMTk5NDBkMWNjOGVjNDMyOTU1MGUzNWMzMjAxODViMTM5MjcyNTg3YWMxZjJhNGE4ZmMwMTliNTFiYWIzN2QxYmQ1MDQzErUBOIXoAkqCATA0YzA2ZmJjZmQ2OGI0YThmYWFkMmQ0ZjM1OGI3ZjZhN2U5MzE0Y2FkYmUxYzAzN2Q4NDBkM2I5YmMxYTIxOTk0MGQxY2M4ZWM0MzI5NTUwZTM1YzMyMDE4NWIxMzkyNzI1ODdhYzFmMmE0YThmYzAxOWI1MWJhYjM3ZDFiZDUwNDNqBgiMgce0BmoLCIyBx7QGEOCUj3VqDAiMgce0BhD44dLVAYABA4gBvp+rAxKHAQqCATA0ZWRkYTBiZWZlMTk4ODBmYjYzZWFlOWZhMDk0OGIxYzg5NWMzYTlhZDlhOTRhOWYyZTMzYmI2ZWZlMTBlODUxOTA5MmZkYWY3MjFiOWFmNWMwMmMwM2JlNWNhMmNmZWFhYjcxOGNkYTdiZmVkYTJlMDE5OGNjOGRmNWUwZTQ3MzUSABKHAQqCATA0Yzc4NDkyNDExYTZlYmM0M2VkMGI4OGRjZDE1MjVlMzFlNjQ1MDZjZDVhOTA5YzAxNzUzMGYzMzJlMjU5MzRkNzY1OWQ1Y2IwMTljZmNmNmI5MDYxZmZkMmY0ZTllYjRmOTE4Mjc4YzQyNzIyMTgyN2VmNmMyYjYyZGJkNzkyOGESABKHAQqCATA0MDAwYzQzZmIxMTBlNmMwNDU3NmRhYTNmZGYwM2UwYzBiN2VmODU2YjVhYTVjODYzNmVlMzQ4MWMwMTJkZGY2NWJiNzkyNDA0YjJkYjMxMGVjNzBiYTQyZmEyNmVmNjhkMjM2YmM0MzNhM2JlNWRlMDEwOTI3Yjc0OGY5MmI3MWQSABKHAQqCATA0NjYxNjFkZDIyYWFiNmY0MmE0NDEwMDYxMTQyODQ1N2UzZTNmODA2ZDYzOGQ2MWY4MTFjMGI5NTc5Nzc3MWIyYWQ2NWZiMTJlMjRiMDYxOGNhNmYzNTM5ZDE1MjI0NDhlY2EwODdhODAyZGI4MmEyMzYxY2NhYWQzZDgxOTNmMzgSAFCUheOGIBgE\", \"SystemTransactionCount\": \"CAI=\" }","MerkleTreeRootOfTransactions":"43d645ec8db474fe3131c36f7ea1b01712de1ec76f31a5d6f523b54763a21cb2","MerkleTreeRootOfTransactionStatus":"8312e73dff8df751163e2ef24c72fd48737263760f5940e68cb65e052fc2ae76","MerkleTreeRootOfWorldState":"739affc4bfb8558c1ae3c0bee9d0ce850fcdb8c865dd02a64080935dcb5bdc03","BlockSize":"1657"},"transactionIds":["0776547eb9e5121b6cd513874cab01d9c1184eb53e1bd827c377f8693bd34cfa","42ed60883588e53c2d11a035acf629c63f13e0a9f78a08a95575fb7b123046ea"],"logEventCount":1},{"id":"392209b6f6a4e406b8e8fed0aeb9125b716179a34e18c6a62d8d277a65450944","chainId":"AELF","blockHash":"392209b6f6a4e406b8e8fed0aeb9125b716179a34e18c6a62d8d277a65450944","blockHeight":7000001,"previousBlockHash":"ec815f4898d49c6a7e6cfd0747f53e69e53e0e7b371167241ee6285957b66340","blockTime":"2024-07-12T23:47:24.6523134Z","signerPubkey":"04c06fbcfd68b4a8faad2d4f358b7f6a7e9314cadbe1c037d840d3b9bc1a219940d1cc8ec4329550e35c320185b139272587ac1f2a4a8fc019b51bab37d1bd5043","miner":"29Mz4mF5WFvGNyj1H7S3udovY2B8fJybNyiRghzRNt2AXTkBZD","signature":"3ebeb56ad1fc0ce24a6e93f29e70a9c03746dd035204a349c283e225389ef4cb56a255d75829f80d5e379956619edf83fa3cef669830ba80b418aa6bc700b62501","confirmed":true,"extraProperties":{"Version":"0","Bloom":"AAAAAAAAAAAAAACAAAAAAABAAAAAAAAAAAAAAAIAAACAAAAAAAAAAAAAAAAAAAAAAAAAAAAAAAAAAAAAAAAAAAAAAAAAQAAAAAAABAAAAAAAAAAAAAAAAAAAAAgAAAAAAAAAAAAAIAAAAAABAAAAAAAAAAAAAAAAAAAAAAAAACACAAAAAAAAAAAAAAAAAAAAAAAAAAAAAAAAAAAAIAAAAAAAAAAAAAAAAAACBAAAAAAAAAAgAAAAAAEAAAAAEAAAAAAAAAAAAAAAAAgAAAAAAAAAAAgAAAAAAAAAAAAAAAAAAAAAAAAAAAAAAAAAAAAAAAAgAAAAAAAAAAAAAAAAIA==","ExtraData":"{ \"CrossChain\": \"\", \"Consensus\": \"CkEEwG+8/Wi0qPqtLU81i39qfpMUytvhwDfYQNO5vBohmUDRzI7EMpVQ41wyAYWxOSclh6wfKkqPwBm1G6s30b1QQxKABwiFjAkSywIKggEwNGMwNmZiY2ZkNjhiNGE4ZmFhZDJkNGYzNThiN2Y2YTdlOTMxNGNhZGJlMWMwMzdkODQwZDNiOWJjMWEyMTk5NDBkMWNjOGVjNDMyOTU1MGUzNWMzMjAxODViMTM5MjcyNTg3YWMxZjJhNGE4ZmMwMTliNTFiYWIzN2QxYmQ1MDQzEsMBOIboAkqCATA0YzA2ZmJjZmQ2OGI0YThmYWFkMmQ0ZjM1OGI3ZjZhN2U5MzE0Y2FkYmUxYzAzN2Q4NDBkM2I5YmMxYTIxOTk0MGQxY2M4ZWM0MzI5NTUwZTM1YzMyMDE4NWIxMzkyNzI1ODdhYzFmMmE0YThmYzAxOWI1MWJhYjM3ZDFiZDUwNDNqBgiMgce0BmoLCIyBx7QGEOCUj3VqDAiMgce0BhD44dLVAWoMCIyBx7QGELiGhrcCgAEEiAG+n6sDEocBCoIBMDRlZGRhMGJlZmUxOTg4MGZiNjNlYWU5ZmEwOTQ4YjFjODk1YzNhOWFkOWE5NGE5ZjJlMzNiYjZlZmUxMGU4NTE5MDkyZmRhZjcyMWI5YWY1YzAyYzAzYmU1Y2EyY2ZlYWFiNzE4Y2RhN2JmZWRhMmUwMTk4Y2M4ZGY1ZTBlNDczNRIAEocBCoIBMDRjNzg0OTI0MTFhNmViYzQzZWQwYjg4ZGNkMTUyNWUzMWU2NDUwNmNkNWE5MDljMDE3NTMwZjMzMmUyNTkzNGQ3NjU5ZDVjYjAxOWNmY2Y2YjkwNjFmZmQyZjRlOWViNGY5MTgyNzhjNDI3MjIxODI3ZWY2YzJiNjJkYmQ3OTI4YRIAEocBCoIBMDQwMDBjNDNmYjExMGU2YzA0NTc2ZGFhM2ZkZjAzZTBjMGI3ZWY4NTZiNWFhNWM4NjM2ZWUzNDgxYzAxMmRkZjY1YmI3OTI0MDRiMmRiMzEwZWM3MGJhNDJmYTI2ZWY2OGQyMzZiYzQzM2EzYmU1ZGUwMTA5MjdiNzQ4ZjkyYjcxZBIAEocBCoIBMDQ2NjE2MWRkMjJhYWI2ZjQyYTQ0MTAwNjExNDI4NDU3ZTNlM2Y4MDZkNjM4ZDYxZjgxMWMwYjk1Nzk3NzcxYjJhZDY1ZmIxMmUyNGIwNjE4Y2E2ZjM1MzlkMTUyMjQ0OGVjYTA4N2E4MDJkYjgyYTIzNjFjY2FhZDNkODE5M2YzOBIAUJSF44YgGAQ=\", \"SystemTransactionCount\": \"CAI=\" }","MerkleTreeRootOfTransactions":"0092c9d706bb2fa6138501938266766224a7b6ccbe1379984c9f935d9e34eaef","MerkleTreeRootOfTransactionStatus":"c68645eea3ed06390ece14abf06494dea6f3e20d5765e92eee0ca01a2631c51c","MerkleTreeRootOfWorldState":"cd46895837e7d1dfbbb75d30586da941d6d97ce45ef19647114316b4c1b5c9cf","BlockSize":"1671"},"transactionIds":["d9b09fc9cb91274a20d669abdb6979ee429ebb7b1a3c060779a3e5ade60431d4","2d0e66b6f21c1180244f7ced3b12f255a3ccbd30a82c94e3de9fdc45e9df6d50"],"logEventCount":1},{"id":"32c3a03c741ff1a33d9b10cba88f941435b328a4171b5ea983b1c3ac63b03940","chainId":"AELF","blockHash":"32c3a03c741ff1a33d9b10cba88f941435b328a4171b5ea983b1c3ac63b03940","blockHeight":7000002,"previousBlockHash":"392209b6f6a4e406b8e8fed0aeb9125b716179a34e18c6a62d8d277a65450944","blockTime":"2024-07-12T23:47:24.8081542Z","signerPubkey":"04c06fbcfd68b4a8faad2d4f358b7f6a7e9314cadbe1c037d840d3b9bc1a219940d1cc8ec4329550e35c320185b139272587ac1f2a4a8fc019b51bab37d1bd5043","miner":"29Mz4mF5WFvGNyj1H7S3udovY2B8fJybNyiRghzRNt2AXTkBZD","signature":"824c4260e8e381c58ff48e9ed8fa7578d44b891780c3c7938c68ffa53acff2e92d3237489907a9c7987b9bece4b78090b11c196a8b53f2a9f2a9bcf9afae43de00","confirmed":true,"extraProperties":{"Version":"0","Bloom":"AQAAAAAAAAAAAAAAAAAAAABAAAAAAAACAAAAAAIAAACACAAAAAAAAAAAAAAAAAAAAAAAAAAAAAAAIAAAAAAAAAAAAAAAAAAAAAAAAAAAAAAAAAAAAAAAAAAAAAAAAgAAAAAAAAAAIAAAAAABAAAAAAAAAAAAAAAAAAAAAAAAACACAAAAAAAAAAAAAAAAAAAAAAAAAAAAAAAAAAAAAAAAAAAAAAAAAABAAAAAAAAAAAAAAAgAAAAAAAEAAAAAAAAAAAAAAAAAAAAAAAgAEAAAAAAAAAgAAAAAAAAAAAAAAAAAQAAAAAAAAAAAAAAAAAAAAAAgAAAAAAAAAAAAAAAAIA==","ExtraData":"{ \"CrossChain\": \"\", \"Consensus\": \"CkEEwG+8/Wi0qPqtLU81i39qfpMUytvhwDfYQNO5vBohmUDRzI7EMpVQ41wyAYWxOSclh6wfKkqPwBm1G6s30b1QQxKOBwiFjAkS2QIKggEwNGMwNmZiY2ZkNjhiNGE4ZmFhZDJkNGYzNThiN2Y2YTdlOTMxNGNhZGJlMWMwMzdkODQwZDNiOWJjMWEyMTk5NDBkMWNjOGVjNDMyOTU1MGUzNWMzMjAxODViMTM5MjcyNTg3YWMxZjJhNGE4ZmMwMTliNTFiYWIzN2QxYmQ1MDQzEtEBOIfoAkqCATA0YzA2ZmJjZmQ2OGI0YThmYWFkMmQ0ZjM1OGI3ZjZhN2U5MzE0Y2FkYmUxYzAzN2Q4NDBkM2I5YmMxYTIxOTk0MGQxY2M4ZWM0MzI5NTUwZTM1YzMyMDE4NWIxMzkyNzI1ODdhYzFmMmE0YThmYzAxOWI1MWJhYjM3ZDFiZDUwNDNqBgiMgce0BmoLCIyBx7QGEOCUj3VqDAiMgce0BhD44dLVAWoMCIyBx7QGELiGhrcCagwIjIHHtAYQ2OitgQOAAQWIAb6fqwMShwEKggEwNGVkZGEwYmVmZTE5ODgwZmI2M2VhZTlmYTA5NDhiMWM4OTVjM2E5YWQ5YTk0YTlmMmUzM2JiNmVmZTEwZTg1MTkwOTJmZGFmNzIxYjlhZjVjMDJjMDNiZTVjYTJjZmVhYWI3MThjZGE3YmZlZGEyZTAxOThjYzhkZjVlMGU0NzM1EgAShwEKggEwNGM3ODQ5MjQxMWE2ZWJjNDNlZDBiODhkY2QxNTI1ZTMxZTY0NTA2Y2Q1YTkwOWMwMTc1MzBmMzMyZTI1OTM0ZDc2NTlkNWNiMDE5Y2ZjZjZiOTA2MWZmZDJmNGU5ZWI0ZjkxODI3OGM0MjcyMjE4MjdlZjZjMmI2MmRiZDc5MjhhEgAShwEKggEwNDAwMGM0M2ZiMTEwZTZjMDQ1NzZkYWEzZmRmMDNlMGMwYjdlZjg1NmI1YWE1Yzg2MzZlZTM0ODFjMDEyZGRmNjViYjc5MjQwNGIyZGIzMTBlYzcwYmE0MmZhMjZlZjY4ZDIzNmJjNDMzYTNiZTVkZTAxMDkyN2I3NDhmOTJiNzFkEgAShwEKggEwNDY2MTYxZGQyMmFhYjZmNDJhNDQxMDA2MTE0Mjg0NTdlM2UzZjgwNmQ2MzhkNjFmODExYzBiOTU3OTc3NzFiMmFkNjVmYjEyZTI0YjA2MThjYTZmMzUzOWQxNTIyNDQ4ZWNhMDg3YTgwMmRiODJhMjM2MWNjYWFkM2Q4MTkzZjM4EgBQlIXjhiAYBA==\", \"SystemTransactionCount\": \"CAI=\" }","MerkleTreeRootOfTransactions":"19c992895a884b1285c9e1aa71e0c6e3f877f787ef5ab92ce1a8c7939bb1e510","MerkleTreeRootOfTransactionStatus":"b9eabffa657ec7587fb6fdb5de4dcebe51f6ec88610d934e7aea89812ea75e60","MerkleTreeRootOfWorldState":"0b3b9935cebcd74cf9ca3c7a89b91efeea7ccd3f743f65d1895038238a2c3e9a","BlockSize":"1685"},"transactionIds":["2a9c5e63d4b3b483ef507c2bba8be387bceb70ca17e13620d876d624a18e175b","a248e90a871436f464ded60b6d225d1f316fba1ee7c99c650bbf659fa6d216fd"],"logEventCount":1}]
11111CaseOne.TokenTestTests.test001_Test
11111test001_Test
]]></output>
          </test-case>
        </test-suite>
      </test-suite>
      <test-suite type="TestFixture" id="1-1013" name="VersionTest" fullname="CaseOne.VersionTest" classname="CaseOne.VersionTest" runstate="Runnable" testcasecount="1" result="Passed" start-time="2024-11-25T16:59:47.5346730Z" end-time="2024-11-25T16:59:47.5384140Z" duration="0.003741" total="1" passed="1" failed="0" warnings="0" inconclusive="0" skipped="0" asserts="1">
        <test-case id="1-1014" name="TestVersion002" fullname="CaseOne.VersionTest.TestVersion002" methodname="TestVersion002" classname="CaseOne.VersionTest" runstate="Runnable" seed="634735913" result="Passed" start-time="2024-11-25T16:59:47.5349990Z" end-time="2024-11-25T16:59:47.5383490Z" duration="0.003351" asserts="1">
          <properties>
            <property name="Description" value="version-替换" />
          </properties>
          <output><![CDATA[000000CaseOne.VersionTest.TestVersion002
000000TestVersion002
=========NUnit.Framework.Internal.PropertyBag
=========version-替换
11111CaseOne.VersionTest.TestVersion002
11111TestVersion002
]]></output>
        </test-case>
      </test-suite>
    </test-suite>
  </test-suite>
</test-run>